   0  $accept : %entry% $end

   1  expr : expr PLUS expr
   2       | expr MINUS expr
   3       | expr TIMES expr
   4       | expr DIVIDE expr
   5       | expr COMPEQ expr
   6       | expr COMPLT expr
   7       | expr COMPLEQ expr
   8       | expr COMPGT expr
   9       | expr COMPGEQ expr
  10       | expr COMPNEQ expr
  11       | expr RSHIFT expr
  12       | expr LSHIFT expr
  13       | expr BITAND expr
  14       | expr BITOR expr
  15       | expr XOR expr
  16       | expr ASSIGN expr
  17       | expr ADDEQUAL expr
  18       | expr MINUSEQUAL expr
  19       | expr TIMESEQUAL expr
  20       | expr DIVEQUAL expr
  21       | LPAREN MINUS expr RPAREN
  22       | BITNOT expr
  23       | NOT expr
  24       | expr NOT
  25       | expr OCTOTHORPE
  26       | LPAREN typ_decl RPAREN expr
  27       | INT_LIT
  28       | BOOL_LIT
  29       | STRING_LIT
  30       | FLOAT_LIT
  31       | CHAR_LIT
  32       | id
  33       | LBRACKET expr_list_opt RBRACKET
  34       | id ADDHEAD ASSIGN expr
  35       | id ADDTAIL ASSIGN expr
  36       | expr CONCAT expr
  37       | expr LENGTH
  38       | expr PROBCOLON expr
  39       | ID LPAREN args_opt RPAREN
  40       | LPAREN expr RPAREN

  41  id : ID
  42     | list_elt

  43  list_elt : ID index index_list_opt

  44  index : LBRACKET expr RBRACKET

  45  index_list_opt :
  46                 | index index_list_opt

  47  expr_opt :
  48           | expr

  49  expr_list_opt :
  50                | expr_list

  51  expr_list : expr
  52            | expr_list COMMA expr

  53  args_opt :
  54           | args_list

  55  args_list : expr
  56            | args_list COMMA expr

  57  stmt : expr SEMICOLON
  58       | BREAK SEMICOLON
  59       | CONTINUE SEMICOLON
  60       | RETURN expr_opt SEMICOLON
  61       | if_stmt
  62       | if_stmt ELSE block
  63       | if_stmt elif elif_list
  64       | if_stmt elif elif_list ELSE block
  65       | FOR LPAREN expr_opt SEMICOLON expr_opt SEMICOLON expr_opt SEMICOLON RPAREN block
  66       | WHILE LPAREN expr RPAREN block

  67  if_stmt : IF LPAREN expr RPAREN block

  68  elif : ELIF LPAREN expr RPAREN block

  69  block : LBRACE stmt_list RBRACE

  70  stmt_list :
  71            | stmt_list stmt

  72  elif_list :
  73            | elif elif_list

  74  program : decls EOF

  75  decls :
  76        | decls vdecl
  77        | decls fdecl

  78  fdecl : typ_decl ID LPAREN formals_opt RPAREN LBRACE vdecl_list stmt_list RBRACE

  79  formals_opt :
  80              | formal_list

  81  formal_list : typ_decl ID
  82              | formal_list COMMA typ_decl ID

  83  vdecl_list :
  84             | vdecl_list vdecl

  85  vdecl : typ_decl ID SEMICOLON
  86        | typ_decl ID ASSIGN expr SEMICOLON

  87  typ_decl : spec_qual_list

  88  typ_spec : INT
  89           | BOOL
  90           | FLOAT
  91           | VOID
  92           | CHAR
  93           | STRING

  94  typ_qual : PROB
  95           | LIST

  96  spec_qual_list : typ_spec spec_qual_list_opt
  97                 | typ_qual spec_qual_list

  98  spec_qual_list_opt :
  99                     | spec_qual_list

 100  %entry% : '\001' program

state 0
	$accept : . %entry% $end  (0)

	'\001'  shift 1
	.  error

	%entry%  goto 2


state 1
	%entry% : '\001' . program  (100)
	decls : .  (75)

	.  reduce 75

	program  goto 3
	decls  goto 4


state 2
	$accept : %entry% . $end  (0)

	$end  accept


state 3
	%entry% : '\001' program .  (100)

	.  reduce 100


state 4
	program : decls . EOF  (74)
	decls : decls . vdecl  (76)
	decls : decls . fdecl  (77)

	EOF  shift 5
	INT  shift 6
	CHAR  shift 7
	BOOL  shift 8
	STRING  shift 9
	FLOAT  shift 10
	PROB  shift 11
	LIST  shift 12
	VOID  shift 13
	.  error

	typ_decl  goto 14
	vdecl  goto 15
	fdecl  goto 16
	spec_qual_list  goto 17
	typ_spec  goto 18
	typ_qual  goto 19


state 5
	program : decls EOF .  (74)

	.  reduce 74


state 6
	typ_spec : INT .  (88)

	.  reduce 88


state 7
	typ_spec : CHAR .  (92)

	.  reduce 92


state 8
	typ_spec : BOOL .  (89)

	.  reduce 89


state 9
	typ_spec : STRING .  (93)

	.  reduce 93


state 10
	typ_spec : FLOAT .  (90)

	.  reduce 90


state 11
	typ_qual : PROB .  (94)

	.  reduce 94


state 12
	typ_qual : LIST .  (95)

	.  reduce 95


state 13
	typ_spec : VOID .  (91)

	.  reduce 91


state 14
	fdecl : typ_decl . ID LPAREN formals_opt RPAREN LBRACE vdecl_list stmt_list RBRACE  (78)
	vdecl : typ_decl . ID SEMICOLON  (85)
	vdecl : typ_decl . ID ASSIGN expr SEMICOLON  (86)

	ID  shift 20
	.  error


state 15
	decls : decls vdecl .  (76)

	.  reduce 76


state 16
	decls : decls fdecl .  (77)

	.  reduce 77


state 17
	typ_decl : spec_qual_list .  (87)

	.  reduce 87


state 18
	spec_qual_list : typ_spec . spec_qual_list_opt  (96)
	spec_qual_list_opt : .  (98)

	INT  shift 6
	CHAR  shift 7
	BOOL  shift 8
	STRING  shift 9
	FLOAT  shift 10
	PROB  shift 11
	LIST  shift 12
	VOID  shift 13
	RPAREN  reduce 98
	ID  reduce 98

	spec_qual_list  goto 21
	typ_spec  goto 18
	typ_qual  goto 19
	spec_qual_list_opt  goto 22


state 19
	spec_qual_list : typ_qual . spec_qual_list  (97)

	INT  shift 6
	CHAR  shift 7
	BOOL  shift 8
	STRING  shift 9
	FLOAT  shift 10
	PROB  shift 11
	LIST  shift 12
	VOID  shift 13
	.  error

	spec_qual_list  goto 23
	typ_spec  goto 18
	typ_qual  goto 19


state 20
	fdecl : typ_decl ID . LPAREN formals_opt RPAREN LBRACE vdecl_list stmt_list RBRACE  (78)
	vdecl : typ_decl ID . SEMICOLON  (85)
	vdecl : typ_decl ID . ASSIGN expr SEMICOLON  (86)

	ASSIGN  shift 24
	SEMICOLON  shift 25
	LPAREN  shift 26
	.  error


state 21
	spec_qual_list_opt : spec_qual_list .  (99)

	.  reduce 99


state 22
	spec_qual_list : typ_spec spec_qual_list_opt .  (96)

	.  reduce 96


state 23
	spec_qual_list : typ_qual spec_qual_list .  (97)

	.  reduce 97


state 24
	vdecl : typ_decl ID ASSIGN . expr SEMICOLON  (86)

	LBRACKET  shift 27
	LPAREN  shift 28
	BITNOT  shift 29
	NOT  shift 30
	BOOL_LIT  shift 31
	INT_LIT  shift 32
	CHAR_LIT  shift 33
	FLOAT_LIT  shift 34
	STRING_LIT  shift 35
	ID  shift 36
	.  error

	expr  goto 37
	id  goto 38
	list_elt  goto 39


state 25
	vdecl : typ_decl ID SEMICOLON .  (85)

	.  reduce 85


state 26
	fdecl : typ_decl ID LPAREN . formals_opt RPAREN LBRACE vdecl_list stmt_list RBRACE  (78)
	formals_opt : .  (79)

	INT  shift 6
	CHAR  shift 7
	BOOL  shift 8
	STRING  shift 9
	FLOAT  shift 10
	PROB  shift 11
	LIST  shift 12
	VOID  shift 13
	RPAREN  reduce 79

	typ_decl  goto 40
	formals_opt  goto 41
	formal_list  goto 42
	spec_qual_list  goto 17
	typ_spec  goto 18
	typ_qual  goto 19


state 27
	expr : LBRACKET . expr_list_opt RBRACKET  (33)
	expr_list_opt : .  (49)

	LBRACKET  shift 27
	LPAREN  shift 28
	BITNOT  shift 29
	NOT  shift 30
	BOOL_LIT  shift 31
	INT_LIT  shift 32
	CHAR_LIT  shift 33
	FLOAT_LIT  shift 34
	STRING_LIT  shift 35
	ID  shift 36
	RBRACKET  reduce 49

	expr  goto 43
	id  goto 38
	expr_list_opt  goto 44
	list_elt  goto 39
	expr_list  goto 45


state 28
	expr : LPAREN . MINUS expr RPAREN  (21)
	expr : LPAREN . typ_decl RPAREN expr  (26)
	expr : LPAREN . expr RPAREN  (40)

	LBRACKET  shift 27
	LPAREN  shift 28
	BITNOT  shift 29
	MINUS  shift 46
	NOT  shift 30
	INT  shift 6
	CHAR  shift 7
	BOOL  shift 8
	STRING  shift 9
	FLOAT  shift 10
	PROB  shift 11
	LIST  shift 12
	VOID  shift 13
	BOOL_LIT  shift 31
	INT_LIT  shift 32
	CHAR_LIT  shift 33
	FLOAT_LIT  shift 34
	STRING_LIT  shift 35
	ID  shift 36
	.  error

	expr  goto 47
	typ_decl  goto 48
	id  goto 38
	list_elt  goto 39
	spec_qual_list  goto 17
	typ_spec  goto 18
	typ_qual  goto 19


state 29
	expr : BITNOT . expr  (22)

	LBRACKET  shift 27
	LPAREN  shift 28
	BITNOT  shift 29
	NOT  shift 30
	BOOL_LIT  shift 31
	INT_LIT  shift 32
	CHAR_LIT  shift 33
	FLOAT_LIT  shift 34
	STRING_LIT  shift 35
	ID  shift 36
	.  error

	expr  goto 49
	id  goto 38
	list_elt  goto 39


state 30
	expr : NOT . expr  (23)

	LBRACKET  shift 27
	LPAREN  shift 28
	BITNOT  shift 29
	NOT  shift 30
	BOOL_LIT  shift 31
	INT_LIT  shift 32
	CHAR_LIT  shift 33
	FLOAT_LIT  shift 34
	STRING_LIT  shift 35
	ID  shift 36
	.  error

	expr  goto 50
	id  goto 38
	list_elt  goto 39


state 31
	expr : BOOL_LIT .  (28)

	.  reduce 28


state 32
	expr : INT_LIT .  (27)

	.  reduce 27


state 33
	expr : CHAR_LIT .  (31)

	.  reduce 31


state 34
	expr : FLOAT_LIT .  (30)

	.  reduce 30


state 35
	expr : STRING_LIT .  (29)

	.  reduce 29


state 36
	expr : ID . LPAREN args_opt RPAREN  (39)
	id : ID .  (41)
	list_elt : ID . index index_list_opt  (43)

	LBRACKET  shift 51
	LPAREN  shift 52
	ASSIGN  reduce 41
	SEMICOLON  reduce 41
	PROBCOLON  reduce 41
	COMMA  reduce 41
	RBRACKET  reduce 41
	RPAREN  reduce 41
	BITAND  reduce 41
	BITOR  reduce 41
	XOR  reduce 41
	CONCAT  reduce 41
	PLUS  reduce 41
	MINUS  reduce 41
	TIMES  reduce 41
	DIVIDE  reduce 41
	RSHIFT  reduce 41
	LSHIFT  reduce 41
	ADDEQUAL  reduce 41
	MINUSEQUAL  reduce 41
	TIMESEQUAL  reduce 41
	DIVEQUAL  reduce 41
	NOT  reduce 41
	LENGTH  reduce 41
	OCTOTHORPE  reduce 41
	ADDHEAD  reduce 41
	ADDTAIL  reduce 41
	COMPEQ  reduce 41
	COMPLT  reduce 41
	COMPLEQ  reduce 41
	COMPGT  reduce 41
	COMPGEQ  reduce 41
	COMPNEQ  reduce 41

	index  goto 53


state 37
	expr : expr . PLUS expr  (1)
	expr : expr . MINUS expr  (2)
	expr : expr . TIMES expr  (3)
	expr : expr . DIVIDE expr  (4)
	expr : expr . COMPEQ expr  (5)
	expr : expr . COMPLT expr  (6)
	expr : expr . COMPLEQ expr  (7)
	expr : expr . COMPGT expr  (8)
	expr : expr . COMPGEQ expr  (9)
	expr : expr . COMPNEQ expr  (10)
	expr : expr . RSHIFT expr  (11)
	expr : expr . LSHIFT expr  (12)
	expr : expr . BITAND expr  (13)
	expr : expr . BITOR expr  (14)
	expr : expr . XOR expr  (15)
	expr : expr . ASSIGN expr  (16)
	expr : expr . ADDEQUAL expr  (17)
	expr : expr . MINUSEQUAL expr  (18)
	expr : expr . TIMESEQUAL expr  (19)
	expr : expr . DIVEQUAL expr  (20)
	expr : expr . NOT  (24)
	expr : expr . OCTOTHORPE  (25)
	expr : expr . CONCAT expr  (36)
	expr : expr . LENGTH  (37)
	expr : expr . PROBCOLON expr  (38)
	vdecl : typ_decl ID ASSIGN expr . SEMICOLON  (86)

	ASSIGN  shift 54
	SEMICOLON  shift 55
	PROBCOLON  shift 56
	BITAND  shift 57
	BITOR  shift 58
	XOR  shift 59
	CONCAT  shift 60
	PLUS  shift 61
	MINUS  shift 62
	TIMES  shift 63
	DIVIDE  shift 64
	RSHIFT  shift 65
	LSHIFT  shift 66
	ADDEQUAL  shift 67
	MINUSEQUAL  shift 68
	TIMESEQUAL  shift 69
	DIVEQUAL  shift 70
	NOT  shift 71
	LENGTH  shift 72
	OCTOTHORPE  shift 73
	COMPEQ  shift 74
	COMPLT  shift 75
	COMPLEQ  shift 76
	COMPGT  shift 77
	COMPGEQ  shift 78
	COMPNEQ  shift 79
	.  error


state 38
	expr : id .  (32)
	expr : id . ADDHEAD ASSIGN expr  (34)
	expr : id . ADDTAIL ASSIGN expr  (35)

	ADDHEAD  shift 80
	ADDTAIL  shift 81
	ASSIGN  reduce 32
	SEMICOLON  reduce 32
	PROBCOLON  reduce 32
	COMMA  reduce 32
	RBRACKET  reduce 32
	RPAREN  reduce 32
	BITAND  reduce 32
	BITOR  reduce 32
	XOR  reduce 32
	CONCAT  reduce 32
	PLUS  reduce 32
	MINUS  reduce 32
	TIMES  reduce 32
	DIVIDE  reduce 32
	RSHIFT  reduce 32
	LSHIFT  reduce 32
	ADDEQUAL  reduce 32
	MINUSEQUAL  reduce 32
	TIMESEQUAL  reduce 32
	DIVEQUAL  reduce 32
	NOT  reduce 32
	LENGTH  reduce 32
	OCTOTHORPE  reduce 32
	COMPEQ  reduce 32
	COMPLT  reduce 32
	COMPLEQ  reduce 32
	COMPGT  reduce 32
	COMPGEQ  reduce 32
	COMPNEQ  reduce 32


state 39
	id : list_elt .  (42)

	.  reduce 42


state 40
	formal_list : typ_decl . ID  (81)

	ID  shift 82
	.  error


state 41
	fdecl : typ_decl ID LPAREN formals_opt . RPAREN LBRACE vdecl_list stmt_list RBRACE  (78)

	RPAREN  shift 83
	.  error


state 42
	formals_opt : formal_list .  (80)
	formal_list : formal_list . COMMA typ_decl ID  (82)

	COMMA  shift 84
	RPAREN  reduce 80


state 43
	expr : expr . PLUS expr  (1)
	expr : expr . MINUS expr  (2)
	expr : expr . TIMES expr  (3)
	expr : expr . DIVIDE expr  (4)
	expr : expr . COMPEQ expr  (5)
	expr : expr . COMPLT expr  (6)
	expr : expr . COMPLEQ expr  (7)
	expr : expr . COMPGT expr  (8)
	expr : expr . COMPGEQ expr  (9)
	expr : expr . COMPNEQ expr  (10)
	expr : expr . RSHIFT expr  (11)
	expr : expr . LSHIFT expr  (12)
	expr : expr . BITAND expr  (13)
	expr : expr . BITOR expr  (14)
	expr : expr . XOR expr  (15)
	expr : expr . ASSIGN expr  (16)
	expr : expr . ADDEQUAL expr  (17)
	expr : expr . MINUSEQUAL expr  (18)
	expr : expr . TIMESEQUAL expr  (19)
	expr : expr . DIVEQUAL expr  (20)
	expr : expr . NOT  (24)
	expr : expr . OCTOTHORPE  (25)
	expr : expr . CONCAT expr  (36)
	expr : expr . LENGTH  (37)
	expr : expr . PROBCOLON expr  (38)
	expr_list : expr .  (51)

	ASSIGN  shift 54
	PROBCOLON  shift 56
	BITAND  shift 57
	BITOR  shift 58
	XOR  shift 59
	CONCAT  shift 60
	PLUS  shift 61
	MINUS  shift 62
	TIMES  shift 63
	DIVIDE  shift 64
	RSHIFT  shift 65
	LSHIFT  shift 66
	ADDEQUAL  shift 67
	MINUSEQUAL  shift 68
	TIMESEQUAL  shift 69
	DIVEQUAL  shift 70
	NOT  shift 71
	LENGTH  shift 72
	OCTOTHORPE  shift 73
	COMPEQ  shift 74
	COMPLT  shift 75
	COMPLEQ  shift 76
	COMPGT  shift 77
	COMPGEQ  shift 78
	COMPNEQ  shift 79
	COMMA  reduce 51
	RBRACKET  reduce 51


state 44
	expr : LBRACKET expr_list_opt . RBRACKET  (33)

	RBRACKET  shift 85
	.  error


state 45
	expr_list_opt : expr_list .  (50)
	expr_list : expr_list . COMMA expr  (52)

	COMMA  shift 86
	RBRACKET  reduce 50


state 46
	expr : LPAREN MINUS . expr RPAREN  (21)

	LBRACKET  shift 27
	LPAREN  shift 28
	BITNOT  shift 29
	NOT  shift 30
	BOOL_LIT  shift 31
	INT_LIT  shift 32
	CHAR_LIT  shift 33
	FLOAT_LIT  shift 34
	STRING_LIT  shift 35
	ID  shift 36
	.  error

	expr  goto 87
	id  goto 38
	list_elt  goto 39


state 47
	expr : expr . PLUS expr  (1)
	expr : expr . MINUS expr  (2)
	expr : expr . TIMES expr  (3)
	expr : expr . DIVIDE expr  (4)
	expr : expr . COMPEQ expr  (5)
	expr : expr . COMPLT expr  (6)
	expr : expr . COMPLEQ expr  (7)
	expr : expr . COMPGT expr  (8)
	expr : expr . COMPGEQ expr  (9)
	expr : expr . COMPNEQ expr  (10)
	expr : expr . RSHIFT expr  (11)
	expr : expr . LSHIFT expr  (12)
	expr : expr . BITAND expr  (13)
	expr : expr . BITOR expr  (14)
	expr : expr . XOR expr  (15)
	expr : expr . ASSIGN expr  (16)
	expr : expr . ADDEQUAL expr  (17)
	expr : expr . MINUSEQUAL expr  (18)
	expr : expr . TIMESEQUAL expr  (19)
	expr : expr . DIVEQUAL expr  (20)
	expr : expr . NOT  (24)
	expr : expr . OCTOTHORPE  (25)
	expr : expr . CONCAT expr  (36)
	expr : expr . LENGTH  (37)
	expr : expr . PROBCOLON expr  (38)
	expr : LPAREN expr . RPAREN  (40)

	ASSIGN  shift 54
	PROBCOLON  shift 56
	RPAREN  shift 88
	BITAND  shift 57
	BITOR  shift 58
	XOR  shift 59
	CONCAT  shift 60
	PLUS  shift 61
	MINUS  shift 62
	TIMES  shift 63
	DIVIDE  shift 64
	RSHIFT  shift 65
	LSHIFT  shift 66
	ADDEQUAL  shift 67
	MINUSEQUAL  shift 68
	TIMESEQUAL  shift 69
	DIVEQUAL  shift 70
	NOT  shift 71
	LENGTH  shift 72
	OCTOTHORPE  shift 73
	COMPEQ  shift 74
	COMPLT  shift 75
	COMPLEQ  shift 76
	COMPGT  shift 77
	COMPGEQ  shift 78
	COMPNEQ  shift 79
	.  error


state 48
	expr : LPAREN typ_decl . RPAREN expr  (26)

	RPAREN  shift 89
	.  error


state 49
	expr : expr . PLUS expr  (1)
	expr : expr . MINUS expr  (2)
	expr : expr . TIMES expr  (3)
	expr : expr . DIVIDE expr  (4)
	expr : expr . COMPEQ expr  (5)
	expr : expr . COMPLT expr  (6)
	expr : expr . COMPLEQ expr  (7)
	expr : expr . COMPGT expr  (8)
	expr : expr . COMPGEQ expr  (9)
	expr : expr . COMPNEQ expr  (10)
	expr : expr . RSHIFT expr  (11)
	expr : expr . LSHIFT expr  (12)
	expr : expr . BITAND expr  (13)
	expr : expr . BITOR expr  (14)
	expr : expr . XOR expr  (15)
	expr : expr . ASSIGN expr  (16)
	expr : expr . ADDEQUAL expr  (17)
	expr : expr . MINUSEQUAL expr  (18)
	expr : expr . TIMESEQUAL expr  (19)
	expr : expr . DIVEQUAL expr  (20)
	expr : BITNOT expr .  (22)
	expr : expr . NOT  (24)
	expr : expr . OCTOTHORPE  (25)
	expr : expr . CONCAT expr  (36)
	expr : expr . LENGTH  (37)
	expr : expr . PROBCOLON expr  (38)

	NOT  shift 71
	LENGTH  shift 72
	OCTOTHORPE  shift 73
	ASSIGN  reduce 22
	SEMICOLON  reduce 22
	PROBCOLON  reduce 22
	COMMA  reduce 22
	RBRACKET  reduce 22
	RPAREN  reduce 22
	BITAND  reduce 22
	BITOR  reduce 22
	XOR  reduce 22
	CONCAT  reduce 22
	PLUS  reduce 22
	MINUS  reduce 22
	TIMES  reduce 22
	DIVIDE  reduce 22
	RSHIFT  reduce 22
	LSHIFT  reduce 22
	ADDEQUAL  reduce 22
	MINUSEQUAL  reduce 22
	TIMESEQUAL  reduce 22
	DIVEQUAL  reduce 22
	COMPEQ  reduce 22
	COMPLT  reduce 22
	COMPLEQ  reduce 22
	COMPGT  reduce 22
	COMPGEQ  reduce 22
	COMPNEQ  reduce 22


state 50
	expr : expr . PLUS expr  (1)
	expr : expr . MINUS expr  (2)
	expr : expr . TIMES expr  (3)
	expr : expr . DIVIDE expr  (4)
	expr : expr . COMPEQ expr  (5)
	expr : expr . COMPLT expr  (6)
	expr : expr . COMPLEQ expr  (7)
	expr : expr . COMPGT expr  (8)
	expr : expr . COMPGEQ expr  (9)
	expr : expr . COMPNEQ expr  (10)
	expr : expr . RSHIFT expr  (11)
	expr : expr . LSHIFT expr  (12)
	expr : expr . BITAND expr  (13)
	expr : expr . BITOR expr  (14)
	expr : expr . XOR expr  (15)
	expr : expr . ASSIGN expr  (16)
	expr : expr . ADDEQUAL expr  (17)
	expr : expr . MINUSEQUAL expr  (18)
	expr : expr . TIMESEQUAL expr  (19)
	expr : expr . DIVEQUAL expr  (20)
	expr : NOT expr .  (23)
	expr : expr . NOT  (24)
	expr : expr . OCTOTHORPE  (25)
	expr : expr . CONCAT expr  (36)
	expr : expr . LENGTH  (37)
	expr : expr . PROBCOLON expr  (38)

	NOT  shift 71
	ASSIGN  reduce 23
	SEMICOLON  reduce 23
	PROBCOLON  reduce 23
	COMMA  reduce 23
	RBRACKET  reduce 23
	RPAREN  reduce 23
	BITAND  reduce 23
	BITOR  reduce 23
	XOR  reduce 23
	CONCAT  reduce 23
	PLUS  reduce 23
	MINUS  reduce 23
	TIMES  reduce 23
	DIVIDE  reduce 23
	RSHIFT  reduce 23
	LSHIFT  reduce 23
	ADDEQUAL  reduce 23
	MINUSEQUAL  reduce 23
	TIMESEQUAL  reduce 23
	DIVEQUAL  reduce 23
	LENGTH  reduce 23
	OCTOTHORPE  reduce 23
	COMPEQ  reduce 23
	COMPLT  reduce 23
	COMPLEQ  reduce 23
	COMPGT  reduce 23
	COMPGEQ  reduce 23
	COMPNEQ  reduce 23


state 51
	index : LBRACKET . expr RBRACKET  (44)

	LBRACKET  shift 27
	LPAREN  shift 28
	BITNOT  shift 29
	NOT  shift 30
	BOOL_LIT  shift 31
	INT_LIT  shift 32
	CHAR_LIT  shift 33
	FLOAT_LIT  shift 34
	STRING_LIT  shift 35
	ID  shift 36
	.  error

	expr  goto 90
	id  goto 38
	list_elt  goto 39


state 52
	expr : ID LPAREN . args_opt RPAREN  (39)
	args_opt : .  (53)

	LBRACKET  shift 27
	LPAREN  shift 28
	BITNOT  shift 29
	NOT  shift 30
	BOOL_LIT  shift 31
	INT_LIT  shift 32
	CHAR_LIT  shift 33
	FLOAT_LIT  shift 34
	STRING_LIT  shift 35
	ID  shift 36
	RPAREN  reduce 53

	expr  goto 91
	id  goto 38
	args_opt  goto 92
	list_elt  goto 39
	args_list  goto 93


state 53
	list_elt : ID index . index_list_opt  (43)
	index_list_opt : .  (45)

	LBRACKET  shift 51
	ASSIGN  reduce 45
	SEMICOLON  reduce 45
	PROBCOLON  reduce 45
	COMMA  reduce 45
	RBRACKET  reduce 45
	RPAREN  reduce 45
	BITAND  reduce 45
	BITOR  reduce 45
	XOR  reduce 45
	CONCAT  reduce 45
	PLUS  reduce 45
	MINUS  reduce 45
	TIMES  reduce 45
	DIVIDE  reduce 45
	RSHIFT  reduce 45
	LSHIFT  reduce 45
	ADDEQUAL  reduce 45
	MINUSEQUAL  reduce 45
	TIMESEQUAL  reduce 45
	DIVEQUAL  reduce 45
	NOT  reduce 45
	LENGTH  reduce 45
	OCTOTHORPE  reduce 45
	ADDHEAD  reduce 45
	ADDTAIL  reduce 45
	COMPEQ  reduce 45
	COMPLT  reduce 45
	COMPLEQ  reduce 45
	COMPGT  reduce 45
	COMPGEQ  reduce 45
	COMPNEQ  reduce 45

	index  goto 94
	index_list_opt  goto 95


state 54
	expr : expr ASSIGN . expr  (16)

	LBRACKET  shift 27
	LPAREN  shift 28
	BITNOT  shift 29
	NOT  shift 30
	BOOL_LIT  shift 31
	INT_LIT  shift 32
	CHAR_LIT  shift 33
	FLOAT_LIT  shift 34
	STRING_LIT  shift 35
	ID  shift 36
	.  error

	expr  goto 96
	id  goto 38
	list_elt  goto 39


state 55
	vdecl : typ_decl ID ASSIGN expr SEMICOLON .  (86)

	.  reduce 86


state 56
	expr : expr PROBCOLON . expr  (38)

	LBRACKET  shift 27
	LPAREN  shift 28
	BITNOT  shift 29
	NOT  shift 30
	BOOL_LIT  shift 31
	INT_LIT  shift 32
	CHAR_LIT  shift 33
	FLOAT_LIT  shift 34
	STRING_LIT  shift 35
	ID  shift 36
	.  error

	expr  goto 97
	id  goto 38
	list_elt  goto 39


state 57
	expr : expr BITAND . expr  (13)

	LBRACKET  shift 27
	LPAREN  shift 28
	BITNOT  shift 29
	NOT  shift 30
	BOOL_LIT  shift 31
	INT_LIT  shift 32
	CHAR_LIT  shift 33
	FLOAT_LIT  shift 34
	STRING_LIT  shift 35
	ID  shift 36
	.  error

	expr  goto 98
	id  goto 38
	list_elt  goto 39


state 58
	expr : expr BITOR . expr  (14)

	LBRACKET  shift 27
	LPAREN  shift 28
	BITNOT  shift 29
	NOT  shift 30
	BOOL_LIT  shift 31
	INT_LIT  shift 32
	CHAR_LIT  shift 33
	FLOAT_LIT  shift 34
	STRING_LIT  shift 35
	ID  shift 36
	.  error

	expr  goto 99
	id  goto 38
	list_elt  goto 39


state 59
	expr : expr XOR . expr  (15)

	LBRACKET  shift 27
	LPAREN  shift 28
	BITNOT  shift 29
	NOT  shift 30
	BOOL_LIT  shift 31
	INT_LIT  shift 32
	CHAR_LIT  shift 33
	FLOAT_LIT  shift 34
	STRING_LIT  shift 35
	ID  shift 36
	.  error

	expr  goto 100
	id  goto 38
	list_elt  goto 39


state 60
	expr : expr CONCAT . expr  (36)

	LBRACKET  shift 27
	LPAREN  shift 28
	BITNOT  shift 29
	NOT  shift 30
	BOOL_LIT  shift 31
	INT_LIT  shift 32
	CHAR_LIT  shift 33
	FLOAT_LIT  shift 34
	STRING_LIT  shift 35
	ID  shift 36
	.  error

	expr  goto 101
	id  goto 38
	list_elt  goto 39


state 61
	expr : expr PLUS . expr  (1)

	LBRACKET  shift 27
	LPAREN  shift 28
	BITNOT  shift 29
	NOT  shift 30
	BOOL_LIT  shift 31
	INT_LIT  shift 32
	CHAR_LIT  shift 33
	FLOAT_LIT  shift 34
	STRING_LIT  shift 35
	ID  shift 36
	.  error

	expr  goto 102
	id  goto 38
	list_elt  goto 39


state 62
	expr : expr MINUS . expr  (2)

	LBRACKET  shift 27
	LPAREN  shift 28
	BITNOT  shift 29
	NOT  shift 30
	BOOL_LIT  shift 31
	INT_LIT  shift 32
	CHAR_LIT  shift 33
	FLOAT_LIT  shift 34
	STRING_LIT  shift 35
	ID  shift 36
	.  error

	expr  goto 103
	id  goto 38
	list_elt  goto 39


state 63
	expr : expr TIMES . expr  (3)

	LBRACKET  shift 27
	LPAREN  shift 28
	BITNOT  shift 29
	NOT  shift 30
	BOOL_LIT  shift 31
	INT_LIT  shift 32
	CHAR_LIT  shift 33
	FLOAT_LIT  shift 34
	STRING_LIT  shift 35
	ID  shift 36
	.  error

	expr  goto 104
	id  goto 38
	list_elt  goto 39


state 64
	expr : expr DIVIDE . expr  (4)

	LBRACKET  shift 27
	LPAREN  shift 28
	BITNOT  shift 29
	NOT  shift 30
	BOOL_LIT  shift 31
	INT_LIT  shift 32
	CHAR_LIT  shift 33
	FLOAT_LIT  shift 34
	STRING_LIT  shift 35
	ID  shift 36
	.  error

	expr  goto 105
	id  goto 38
	list_elt  goto 39


state 65
	expr : expr RSHIFT . expr  (11)

	LBRACKET  shift 27
	LPAREN  shift 28
	BITNOT  shift 29
	NOT  shift 30
	BOOL_LIT  shift 31
	INT_LIT  shift 32
	CHAR_LIT  shift 33
	FLOAT_LIT  shift 34
	STRING_LIT  shift 35
	ID  shift 36
	.  error

	expr  goto 106
	id  goto 38
	list_elt  goto 39


state 66
	expr : expr LSHIFT . expr  (12)

	LBRACKET  shift 27
	LPAREN  shift 28
	BITNOT  shift 29
	NOT  shift 30
	BOOL_LIT  shift 31
	INT_LIT  shift 32
	CHAR_LIT  shift 33
	FLOAT_LIT  shift 34
	STRING_LIT  shift 35
	ID  shift 36
	.  error

	expr  goto 107
	id  goto 38
	list_elt  goto 39


state 67
	expr : expr ADDEQUAL . expr  (17)

	LBRACKET  shift 27
	LPAREN  shift 28
	BITNOT  shift 29
	NOT  shift 30
	BOOL_LIT  shift 31
	INT_LIT  shift 32
	CHAR_LIT  shift 33
	FLOAT_LIT  shift 34
	STRING_LIT  shift 35
	ID  shift 36
	.  error

	expr  goto 108
	id  goto 38
	list_elt  goto 39


state 68
	expr : expr MINUSEQUAL . expr  (18)

	LBRACKET  shift 27
	LPAREN  shift 28
	BITNOT  shift 29
	NOT  shift 30
	BOOL_LIT  shift 31
	INT_LIT  shift 32
	CHAR_LIT  shift 33
	FLOAT_LIT  shift 34
	STRING_LIT  shift 35
	ID  shift 36
	.  error

	expr  goto 109
	id  goto 38
	list_elt  goto 39


state 69
	expr : expr TIMESEQUAL . expr  (19)

	LBRACKET  shift 27
	LPAREN  shift 28
	BITNOT  shift 29
	NOT  shift 30
	BOOL_LIT  shift 31
	INT_LIT  shift 32
	CHAR_LIT  shift 33
	FLOAT_LIT  shift 34
	STRING_LIT  shift 35
	ID  shift 36
	.  error

	expr  goto 110
	id  goto 38
	list_elt  goto 39


state 70
	expr : expr DIVEQUAL . expr  (20)

	LBRACKET  shift 27
	LPAREN  shift 28
	BITNOT  shift 29
	NOT  shift 30
	BOOL_LIT  shift 31
	INT_LIT  shift 32
	CHAR_LIT  shift 33
	FLOAT_LIT  shift 34
	STRING_LIT  shift 35
	ID  shift 36
	.  error

	expr  goto 111
	id  goto 38
	list_elt  goto 39


state 71
	expr : expr NOT .  (24)

	.  reduce 24


state 72
	expr : expr LENGTH .  (37)

	.  reduce 37


state 73
	expr : expr OCTOTHORPE .  (25)

	.  reduce 25


state 74
	expr : expr COMPEQ . expr  (5)

	LBRACKET  shift 27
	LPAREN  shift 28
	BITNOT  shift 29
	NOT  shift 30
	BOOL_LIT  shift 31
	INT_LIT  shift 32
	CHAR_LIT  shift 33
	FLOAT_LIT  shift 34
	STRING_LIT  shift 35
	ID  shift 36
	.  error

	expr  goto 112
	id  goto 38
	list_elt  goto 39


state 75
	expr : expr COMPLT . expr  (6)

	LBRACKET  shift 27
	LPAREN  shift 28
	BITNOT  shift 29
	NOT  shift 30
	BOOL_LIT  shift 31
	INT_LIT  shift 32
	CHAR_LIT  shift 33
	FLOAT_LIT  shift 34
	STRING_LIT  shift 35
	ID  shift 36
	.  error

	expr  goto 113
	id  goto 38
	list_elt  goto 39


state 76
	expr : expr COMPLEQ . expr  (7)

	LBRACKET  shift 27
	LPAREN  shift 28
	BITNOT  shift 29
	NOT  shift 30
	BOOL_LIT  shift 31
	INT_LIT  shift 32
	CHAR_LIT  shift 33
	FLOAT_LIT  shift 34
	STRING_LIT  shift 35
	ID  shift 36
	.  error

	expr  goto 114
	id  goto 38
	list_elt  goto 39


state 77
	expr : expr COMPGT . expr  (8)

	LBRACKET  shift 27
	LPAREN  shift 28
	BITNOT  shift 29
	NOT  shift 30
	BOOL_LIT  shift 31
	INT_LIT  shift 32
	CHAR_LIT  shift 33
	FLOAT_LIT  shift 34
	STRING_LIT  shift 35
	ID  shift 36
	.  error

	expr  goto 115
	id  goto 38
	list_elt  goto 39


state 78
	expr : expr COMPGEQ . expr  (9)

	LBRACKET  shift 27
	LPAREN  shift 28
	BITNOT  shift 29
	NOT  shift 30
	BOOL_LIT  shift 31
	INT_LIT  shift 32
	CHAR_LIT  shift 33
	FLOAT_LIT  shift 34
	STRING_LIT  shift 35
	ID  shift 36
	.  error

	expr  goto 116
	id  goto 38
	list_elt  goto 39


state 79
	expr : expr COMPNEQ . expr  (10)

	LBRACKET  shift 27
	LPAREN  shift 28
	BITNOT  shift 29
	NOT  shift 30
	BOOL_LIT  shift 31
	INT_LIT  shift 32
	CHAR_LIT  shift 33
	FLOAT_LIT  shift 34
	STRING_LIT  shift 35
	ID  shift 36
	.  error

	expr  goto 117
	id  goto 38
	list_elt  goto 39


state 80
	expr : id ADDHEAD . ASSIGN expr  (34)

	ASSIGN  shift 118
	.  error


state 81
	expr : id ADDTAIL . ASSIGN expr  (35)

	ASSIGN  shift 119
	.  error


state 82
	formal_list : typ_decl ID .  (81)

	.  reduce 81


state 83
	fdecl : typ_decl ID LPAREN formals_opt RPAREN . LBRACE vdecl_list stmt_list RBRACE  (78)

	LBRACE  shift 120
	.  error


state 84
	formal_list : formal_list COMMA . typ_decl ID  (82)

	INT  shift 6
	CHAR  shift 7
	BOOL  shift 8
	STRING  shift 9
	FLOAT  shift 10
	PROB  shift 11
	LIST  shift 12
	VOID  shift 13
	.  error

	typ_decl  goto 121
	spec_qual_list  goto 17
	typ_spec  goto 18
	typ_qual  goto 19


state 85
	expr : LBRACKET expr_list_opt RBRACKET .  (33)

	.  reduce 33


state 86
	expr_list : expr_list COMMA . expr  (52)

	LBRACKET  shift 27
	LPAREN  shift 28
	BITNOT  shift 29
	NOT  shift 30
	BOOL_LIT  shift 31
	INT_LIT  shift 32
	CHAR_LIT  shift 33
	FLOAT_LIT  shift 34
	STRING_LIT  shift 35
	ID  shift 36
	.  error

	expr  goto 122
	id  goto 38
	list_elt  goto 39


state 87
	expr : expr . PLUS expr  (1)
	expr : expr . MINUS expr  (2)
	expr : expr . TIMES expr  (3)
	expr : expr . DIVIDE expr  (4)
	expr : expr . COMPEQ expr  (5)
	expr : expr . COMPLT expr  (6)
	expr : expr . COMPLEQ expr  (7)
	expr : expr . COMPGT expr  (8)
	expr : expr . COMPGEQ expr  (9)
	expr : expr . COMPNEQ expr  (10)
	expr : expr . RSHIFT expr  (11)
	expr : expr . LSHIFT expr  (12)
	expr : expr . BITAND expr  (13)
	expr : expr . BITOR expr  (14)
	expr : expr . XOR expr  (15)
	expr : expr . ASSIGN expr  (16)
	expr : expr . ADDEQUAL expr  (17)
	expr : expr . MINUSEQUAL expr  (18)
	expr : expr . TIMESEQUAL expr  (19)
	expr : expr . DIVEQUAL expr  (20)
	expr : LPAREN MINUS expr . RPAREN  (21)
	expr : expr . NOT  (24)
	expr : expr . OCTOTHORPE  (25)
	expr : expr . CONCAT expr  (36)
	expr : expr . LENGTH  (37)
	expr : expr . PROBCOLON expr  (38)

	ASSIGN  shift 54
	PROBCOLON  shift 56
	RPAREN  shift 123
	BITAND  shift 57
	BITOR  shift 58
	XOR  shift 59
	CONCAT  shift 60
	PLUS  shift 61
	MINUS  shift 62
	TIMES  shift 63
	DIVIDE  shift 64
	RSHIFT  shift 65
	LSHIFT  shift 66
	ADDEQUAL  shift 67
	MINUSEQUAL  shift 68
	TIMESEQUAL  shift 69
	DIVEQUAL  shift 70
	NOT  shift 71
	LENGTH  shift 72
	OCTOTHORPE  shift 73
	COMPEQ  shift 74
	COMPLT  shift 75
	COMPLEQ  shift 76
	COMPGT  shift 77
	COMPGEQ  shift 78
	COMPNEQ  shift 79
	.  error


state 88
	expr : LPAREN expr RPAREN .  (40)

	.  reduce 40


state 89
	expr : LPAREN typ_decl RPAREN . expr  (26)

	LBRACKET  shift 27
	LPAREN  shift 28
	BITNOT  shift 29
	NOT  shift 30
	BOOL_LIT  shift 31
	INT_LIT  shift 32
	CHAR_LIT  shift 33
	FLOAT_LIT  shift 34
	STRING_LIT  shift 35
	ID  shift 36
	.  error

	expr  goto 124
	id  goto 38
	list_elt  goto 39


state 90
	expr : expr . PLUS expr  (1)
	expr : expr . MINUS expr  (2)
	expr : expr . TIMES expr  (3)
	expr : expr . DIVIDE expr  (4)
	expr : expr . COMPEQ expr  (5)
	expr : expr . COMPLT expr  (6)
	expr : expr . COMPLEQ expr  (7)
	expr : expr . COMPGT expr  (8)
	expr : expr . COMPGEQ expr  (9)
	expr : expr . COMPNEQ expr  (10)
	expr : expr . RSHIFT expr  (11)
	expr : expr . LSHIFT expr  (12)
	expr : expr . BITAND expr  (13)
	expr : expr . BITOR expr  (14)
	expr : expr . XOR expr  (15)
	expr : expr . ASSIGN expr  (16)
	expr : expr . ADDEQUAL expr  (17)
	expr : expr . MINUSEQUAL expr  (18)
	expr : expr . TIMESEQUAL expr  (19)
	expr : expr . DIVEQUAL expr  (20)
	expr : expr . NOT  (24)
	expr : expr . OCTOTHORPE  (25)
	expr : expr . CONCAT expr  (36)
	expr : expr . LENGTH  (37)
	expr : expr . PROBCOLON expr  (38)
	index : LBRACKET expr . RBRACKET  (44)

	ASSIGN  shift 54
	PROBCOLON  shift 56
	RBRACKET  shift 125
	BITAND  shift 57
	BITOR  shift 58
	XOR  shift 59
	CONCAT  shift 60
	PLUS  shift 61
	MINUS  shift 62
	TIMES  shift 63
	DIVIDE  shift 64
	RSHIFT  shift 65
	LSHIFT  shift 66
	ADDEQUAL  shift 67
	MINUSEQUAL  shift 68
	TIMESEQUAL  shift 69
	DIVEQUAL  shift 70
	NOT  shift 71
	LENGTH  shift 72
	OCTOTHORPE  shift 73
	COMPEQ  shift 74
	COMPLT  shift 75
	COMPLEQ  shift 76
	COMPGT  shift 77
	COMPGEQ  shift 78
	COMPNEQ  shift 79
	.  error


state 91
	expr : expr . PLUS expr  (1)
	expr : expr . MINUS expr  (2)
	expr : expr . TIMES expr  (3)
	expr : expr . DIVIDE expr  (4)
	expr : expr . COMPEQ expr  (5)
	expr : expr . COMPLT expr  (6)
	expr : expr . COMPLEQ expr  (7)
	expr : expr . COMPGT expr  (8)
	expr : expr . COMPGEQ expr  (9)
	expr : expr . COMPNEQ expr  (10)
	expr : expr . RSHIFT expr  (11)
	expr : expr . LSHIFT expr  (12)
	expr : expr . BITAND expr  (13)
	expr : expr . BITOR expr  (14)
	expr : expr . XOR expr  (15)
	expr : expr . ASSIGN expr  (16)
	expr : expr . ADDEQUAL expr  (17)
	expr : expr . MINUSEQUAL expr  (18)
	expr : expr . TIMESEQUAL expr  (19)
	expr : expr . DIVEQUAL expr  (20)
	expr : expr . NOT  (24)
	expr : expr . OCTOTHORPE  (25)
	expr : expr . CONCAT expr  (36)
	expr : expr . LENGTH  (37)
	expr : expr . PROBCOLON expr  (38)
	args_list : expr .  (55)

	ASSIGN  shift 54
	PROBCOLON  shift 56
	BITAND  shift 57
	BITOR  shift 58
	XOR  shift 59
	CONCAT  shift 60
	PLUS  shift 61
	MINUS  shift 62
	TIMES  shift 63
	DIVIDE  shift 64
	RSHIFT  shift 65
	LSHIFT  shift 66
	ADDEQUAL  shift 67
	MINUSEQUAL  shift 68
	TIMESEQUAL  shift 69
	DIVEQUAL  shift 70
	NOT  shift 71
	LENGTH  shift 72
	OCTOTHORPE  shift 73
	COMPEQ  shift 74
	COMPLT  shift 75
	COMPLEQ  shift 76
	COMPGT  shift 77
	COMPGEQ  shift 78
	COMPNEQ  shift 79
	COMMA  reduce 55
	RPAREN  reduce 55


state 92
	expr : ID LPAREN args_opt . RPAREN  (39)

	RPAREN  shift 126
	.  error


state 93
	args_opt : args_list .  (54)
	args_list : args_list . COMMA expr  (56)

	COMMA  shift 127
	RPAREN  reduce 54


state 94
	index_list_opt : index . index_list_opt  (46)
	index_list_opt : .  (45)

	LBRACKET  shift 51
	ASSIGN  reduce 45
	SEMICOLON  reduce 45
	PROBCOLON  reduce 45
	COMMA  reduce 45
	RBRACKET  reduce 45
	RPAREN  reduce 45
	BITAND  reduce 45
	BITOR  reduce 45
	XOR  reduce 45
	CONCAT  reduce 45
	PLUS  reduce 45
	MINUS  reduce 45
	TIMES  reduce 45
	DIVIDE  reduce 45
	RSHIFT  reduce 45
	LSHIFT  reduce 45
	ADDEQUAL  reduce 45
	MINUSEQUAL  reduce 45
	TIMESEQUAL  reduce 45
	DIVEQUAL  reduce 45
	NOT  reduce 45
	LENGTH  reduce 45
	OCTOTHORPE  reduce 45
	ADDHEAD  reduce 45
	ADDTAIL  reduce 45
	COMPEQ  reduce 45
	COMPLT  reduce 45
	COMPLEQ  reduce 45
	COMPGT  reduce 45
	COMPGEQ  reduce 45
	COMPNEQ  reduce 45

	index  goto 94
	index_list_opt  goto 128


state 95
	list_elt : ID index index_list_opt .  (43)

	.  reduce 43


state 96
	expr : expr . PLUS expr  (1)
	expr : expr . MINUS expr  (2)
	expr : expr . TIMES expr  (3)
	expr : expr . DIVIDE expr  (4)
	expr : expr . COMPEQ expr  (5)
	expr : expr . COMPLT expr  (6)
	expr : expr . COMPLEQ expr  (7)
	expr : expr . COMPGT expr  (8)
	expr : expr . COMPGEQ expr  (9)
	expr : expr . COMPNEQ expr  (10)
	expr : expr . RSHIFT expr  (11)
	expr : expr . LSHIFT expr  (12)
	expr : expr . BITAND expr  (13)
	expr : expr . BITOR expr  (14)
	expr : expr . XOR expr  (15)
	expr : expr . ASSIGN expr  (16)
	expr : expr ASSIGN expr .  (16)
	expr : expr . ADDEQUAL expr  (17)
	expr : expr . MINUSEQUAL expr  (18)
	expr : expr . TIMESEQUAL expr  (19)
	expr : expr . DIVEQUAL expr  (20)
	expr : expr . NOT  (24)
	expr : expr . OCTOTHORPE  (25)
	expr : expr . CONCAT expr  (36)
	expr : expr . LENGTH  (37)
	expr : expr . PROBCOLON expr  (38)

	ASSIGN  shift 54
	PROBCOLON  shift 56
	BITAND  shift 57
	BITOR  shift 58
	XOR  shift 59
	CONCAT  shift 60
	PLUS  shift 61
	MINUS  shift 62
	TIMES  shift 63
	DIVIDE  shift 64
	RSHIFT  shift 65
	LSHIFT  shift 66
	ADDEQUAL  shift 67
	MINUSEQUAL  shift 68
	TIMESEQUAL  shift 69
	DIVEQUAL  shift 70
	NOT  shift 71
	LENGTH  shift 72
	OCTOTHORPE  shift 73
	COMPEQ  shift 74
	COMPLT  shift 75
	COMPLEQ  shift 76
	COMPGT  shift 77
	COMPGEQ  shift 78
	COMPNEQ  shift 79
	SEMICOLON  reduce 16
	COMMA  reduce 16
	RBRACKET  reduce 16
	RPAREN  reduce 16


state 97
	expr : expr . PLUS expr  (1)
	expr : expr . MINUS expr  (2)
	expr : expr . TIMES expr  (3)
	expr : expr . DIVIDE expr  (4)
	expr : expr . COMPEQ expr  (5)
	expr : expr . COMPLT expr  (6)
	expr : expr . COMPLEQ expr  (7)
	expr : expr . COMPGT expr  (8)
	expr : expr . COMPGEQ expr  (9)
	expr : expr . COMPNEQ expr  (10)
	expr : expr . RSHIFT expr  (11)
	expr : expr . LSHIFT expr  (12)
	expr : expr . BITAND expr  (13)
	expr : expr . BITOR expr  (14)
	expr : expr . XOR expr  (15)
	expr : expr . ASSIGN expr  (16)
	expr : expr . ADDEQUAL expr  (17)
	expr : expr . MINUSEQUAL expr  (18)
	expr : expr . TIMESEQUAL expr  (19)
	expr : expr . DIVEQUAL expr  (20)
	expr : expr . NOT  (24)
	expr : expr . OCTOTHORPE  (25)
	expr : expr . CONCAT expr  (36)
	expr : expr . LENGTH  (37)
	expr : expr . PROBCOLON expr  (38)
	expr : expr PROBCOLON expr .  (38)

	ASSIGN  shift 54
	PROBCOLON  shift 56
	BITAND  shift 57
	BITOR  shift 58
	XOR  shift 59
	CONCAT  shift 60
	PLUS  shift 61
	MINUS  shift 62
	TIMES  shift 63
	DIVIDE  shift 64
	RSHIFT  shift 65
	LSHIFT  shift 66
	ADDEQUAL  shift 67
	MINUSEQUAL  shift 68
	TIMESEQUAL  shift 69
	DIVEQUAL  shift 70
	NOT  shift 71
	LENGTH  shift 72
	OCTOTHORPE  shift 73
	COMPEQ  shift 74
	COMPLT  shift 75
	COMPLEQ  shift 76
	COMPGT  shift 77
	COMPGEQ  shift 78
	COMPNEQ  shift 79
	SEMICOLON  reduce 38
	COMMA  reduce 38
	RBRACKET  reduce 38
	RPAREN  reduce 38


state 98
	expr : expr . PLUS expr  (1)
	expr : expr . MINUS expr  (2)
	expr : expr . TIMES expr  (3)
	expr : expr . DIVIDE expr  (4)
	expr : expr . COMPEQ expr  (5)
	expr : expr . COMPLT expr  (6)
	expr : expr . COMPLEQ expr  (7)
	expr : expr . COMPGT expr  (8)
	expr : expr . COMPGEQ expr  (9)
	expr : expr . COMPNEQ expr  (10)
	expr : expr . RSHIFT expr  (11)
	expr : expr . LSHIFT expr  (12)
	expr : expr . BITAND expr  (13)
	expr : expr BITAND expr .  (13)
	expr : expr . BITOR expr  (14)
	expr : expr . XOR expr  (15)
	expr : expr . ASSIGN expr  (16)
	expr : expr . ADDEQUAL expr  (17)
	expr : expr . MINUSEQUAL expr  (18)
	expr : expr . TIMESEQUAL expr  (19)
	expr : expr . DIVEQUAL expr  (20)
	expr : expr . NOT  (24)
	expr : expr . OCTOTHORPE  (25)
	expr : expr . CONCAT expr  (36)
	expr : expr . LENGTH  (37)
	expr : expr . PROBCOLON expr  (38)

	NOT  shift 71
	LENGTH  shift 72
	OCTOTHORPE  shift 73
	ASSIGN  reduce 13
	SEMICOLON  reduce 13
	PROBCOLON  reduce 13
	COMMA  reduce 13
	RBRACKET  reduce 13
	RPAREN  reduce 13
	BITAND  reduce 13
	BITOR  reduce 13
	XOR  reduce 13
	CONCAT  reduce 13
	PLUS  reduce 13
	MINUS  reduce 13
	TIMES  reduce 13
	DIVIDE  reduce 13
	RSHIFT  reduce 13
	LSHIFT  reduce 13
	ADDEQUAL  reduce 13
	MINUSEQUAL  reduce 13
	TIMESEQUAL  reduce 13
	DIVEQUAL  reduce 13
	COMPEQ  reduce 13
	COMPLT  reduce 13
	COMPLEQ  reduce 13
	COMPGT  reduce 13
	COMPGEQ  reduce 13
	COMPNEQ  reduce 13


state 99
	expr : expr . PLUS expr  (1)
	expr : expr . MINUS expr  (2)
	expr : expr . TIMES expr  (3)
	expr : expr . DIVIDE expr  (4)
	expr : expr . COMPEQ expr  (5)
	expr : expr . COMPLT expr  (6)
	expr : expr . COMPLEQ expr  (7)
	expr : expr . COMPGT expr  (8)
	expr : expr . COMPGEQ expr  (9)
	expr : expr . COMPNEQ expr  (10)
	expr : expr . RSHIFT expr  (11)
	expr : expr . LSHIFT expr  (12)
	expr : expr . BITAND expr  (13)
	expr : expr . BITOR expr  (14)
	expr : expr BITOR expr .  (14)
	expr : expr . XOR expr  (15)
	expr : expr . ASSIGN expr  (16)
	expr : expr . ADDEQUAL expr  (17)
	expr : expr . MINUSEQUAL expr  (18)
	expr : expr . TIMESEQUAL expr  (19)
	expr : expr . DIVEQUAL expr  (20)
	expr : expr . NOT  (24)
	expr : expr . OCTOTHORPE  (25)
	expr : expr . CONCAT expr  (36)
	expr : expr . LENGTH  (37)
	expr : expr . PROBCOLON expr  (38)

	NOT  shift 71
	LENGTH  shift 72
	OCTOTHORPE  shift 73
	ASSIGN  reduce 14
	SEMICOLON  reduce 14
	PROBCOLON  reduce 14
	COMMA  reduce 14
	RBRACKET  reduce 14
	RPAREN  reduce 14
	BITAND  reduce 14
	BITOR  reduce 14
	XOR  reduce 14
	CONCAT  reduce 14
	PLUS  reduce 14
	MINUS  reduce 14
	TIMES  reduce 14
	DIVIDE  reduce 14
	RSHIFT  reduce 14
	LSHIFT  reduce 14
	ADDEQUAL  reduce 14
	MINUSEQUAL  reduce 14
	TIMESEQUAL  reduce 14
	DIVEQUAL  reduce 14
	COMPEQ  reduce 14
	COMPLT  reduce 14
	COMPLEQ  reduce 14
	COMPGT  reduce 14
	COMPGEQ  reduce 14
	COMPNEQ  reduce 14


state 100
	expr : expr . PLUS expr  (1)
	expr : expr . MINUS expr  (2)
	expr : expr . TIMES expr  (3)
	expr : expr . DIVIDE expr  (4)
	expr : expr . COMPEQ expr  (5)
	expr : expr . COMPLT expr  (6)
	expr : expr . COMPLEQ expr  (7)
	expr : expr . COMPGT expr  (8)
	expr : expr . COMPGEQ expr  (9)
	expr : expr . COMPNEQ expr  (10)
	expr : expr . RSHIFT expr  (11)
	expr : expr . LSHIFT expr  (12)
	expr : expr . BITAND expr  (13)
	expr : expr . BITOR expr  (14)
	expr : expr . XOR expr  (15)
	expr : expr XOR expr .  (15)
	expr : expr . ASSIGN expr  (16)
	expr : expr . ADDEQUAL expr  (17)
	expr : expr . MINUSEQUAL expr  (18)
	expr : expr . TIMESEQUAL expr  (19)
	expr : expr . DIVEQUAL expr  (20)
	expr : expr . NOT  (24)
	expr : expr . OCTOTHORPE  (25)
	expr : expr . CONCAT expr  (36)
	expr : expr . LENGTH  (37)
	expr : expr . PROBCOLON expr  (38)

	NOT  shift 71
	LENGTH  shift 72
	OCTOTHORPE  shift 73
	ASSIGN  reduce 15
	SEMICOLON  reduce 15
	PROBCOLON  reduce 15
	COMMA  reduce 15
	RBRACKET  reduce 15
	RPAREN  reduce 15
	BITAND  reduce 15
	BITOR  reduce 15
	XOR  reduce 15
	CONCAT  reduce 15
	PLUS  reduce 15
	MINUS  reduce 15
	TIMES  reduce 15
	DIVIDE  reduce 15
	RSHIFT  reduce 15
	LSHIFT  reduce 15
	ADDEQUAL  reduce 15
	MINUSEQUAL  reduce 15
	TIMESEQUAL  reduce 15
	DIVEQUAL  reduce 15
	COMPEQ  reduce 15
	COMPLT  reduce 15
	COMPLEQ  reduce 15
	COMPGT  reduce 15
	COMPGEQ  reduce 15
	COMPNEQ  reduce 15


state 101
	expr : expr . PLUS expr  (1)
	expr : expr . MINUS expr  (2)
	expr : expr . TIMES expr  (3)
	expr : expr . DIVIDE expr  (4)
	expr : expr . COMPEQ expr  (5)
	expr : expr . COMPLT expr  (6)
	expr : expr . COMPLEQ expr  (7)
	expr : expr . COMPGT expr  (8)
	expr : expr . COMPGEQ expr  (9)
	expr : expr . COMPNEQ expr  (10)
	expr : expr . RSHIFT expr  (11)
	expr : expr . LSHIFT expr  (12)
	expr : expr . BITAND expr  (13)
	expr : expr . BITOR expr  (14)
	expr : expr . XOR expr  (15)
	expr : expr . ASSIGN expr  (16)
	expr : expr . ADDEQUAL expr  (17)
	expr : expr . MINUSEQUAL expr  (18)
	expr : expr . TIMESEQUAL expr  (19)
	expr : expr . DIVEQUAL expr  (20)
	expr : expr . NOT  (24)
	expr : expr . OCTOTHORPE  (25)
	expr : expr . CONCAT expr  (36)
	expr : expr CONCAT expr .  (36)
	expr : expr . LENGTH  (37)
	expr : expr . PROBCOLON expr  (38)

	BITAND  shift 57
	BITOR  shift 58
	XOR  shift 59
	PLUS  shift 61
	MINUS  shift 62
	TIMES  shift 63
	DIVIDE  shift 64
	RSHIFT  shift 65
	LSHIFT  shift 66
	ADDEQUAL  shift 67
	MINUSEQUAL  shift 68
	TIMESEQUAL  shift 69
	DIVEQUAL  shift 70
	NOT  shift 71
	LENGTH  shift 72
	OCTOTHORPE  shift 73
	COMPEQ  shift 74
	COMPLT  shift 75
	COMPLEQ  shift 76
	COMPGT  shift 77
	COMPGEQ  shift 78
	COMPNEQ  shift 79
	ASSIGN  reduce 36
	SEMICOLON  reduce 36
	PROBCOLON  reduce 36
	COMMA  reduce 36
	RBRACKET  reduce 36
	RPAREN  reduce 36
	CONCAT  reduce 36


state 102
	expr : expr . PLUS expr  (1)
	expr : expr PLUS expr .  (1)
	expr : expr . MINUS expr  (2)
	expr : expr . TIMES expr  (3)
	expr : expr . DIVIDE expr  (4)
	expr : expr . COMPEQ expr  (5)
	expr : expr . COMPLT expr  (6)
	expr : expr . COMPLEQ expr  (7)
	expr : expr . COMPGT expr  (8)
	expr : expr . COMPGEQ expr  (9)
	expr : expr . COMPNEQ expr  (10)
	expr : expr . RSHIFT expr  (11)
	expr : expr . LSHIFT expr  (12)
	expr : expr . BITAND expr  (13)
	expr : expr . BITOR expr  (14)
	expr : expr . XOR expr  (15)
	expr : expr . ASSIGN expr  (16)
	expr : expr . ADDEQUAL expr  (17)
	expr : expr . MINUSEQUAL expr  (18)
	expr : expr . TIMESEQUAL expr  (19)
	expr : expr . DIVEQUAL expr  (20)
	expr : expr . NOT  (24)
	expr : expr . OCTOTHORPE  (25)
	expr : expr . CONCAT expr  (36)
	expr : expr . LENGTH  (37)
	expr : expr . PROBCOLON expr  (38)

	BITAND  shift 57
	BITOR  shift 58
	XOR  shift 59
	TIMES  shift 63
	DIVIDE  shift 64
	RSHIFT  shift 65
	LSHIFT  shift 66
	ADDEQUAL  shift 67
	MINUSEQUAL  shift 68
	TIMESEQUAL  shift 69
	DIVEQUAL  shift 70
	NOT  shift 71
	LENGTH  shift 72
	OCTOTHORPE  shift 73
	COMPEQ  shift 74
	COMPLT  shift 75
	COMPLEQ  shift 76
	COMPGT  shift 77
	COMPGEQ  shift 78
	COMPNEQ  shift 79
	ASSIGN  reduce 1
	SEMICOLON  reduce 1
	PROBCOLON  reduce 1
	COMMA  reduce 1
	RBRACKET  reduce 1
	RPAREN  reduce 1
	CONCAT  reduce 1
	PLUS  reduce 1
	MINUS  reduce 1


state 103
	expr : expr . PLUS expr  (1)
	expr : expr . MINUS expr  (2)
	expr : expr MINUS expr .  (2)
	expr : expr . TIMES expr  (3)
	expr : expr . DIVIDE expr  (4)
	expr : expr . COMPEQ expr  (5)
	expr : expr . COMPLT expr  (6)
	expr : expr . COMPLEQ expr  (7)
	expr : expr . COMPGT expr  (8)
	expr : expr . COMPGEQ expr  (9)
	expr : expr . COMPNEQ expr  (10)
	expr : expr . RSHIFT expr  (11)
	expr : expr . LSHIFT expr  (12)
	expr : expr . BITAND expr  (13)
	expr : expr . BITOR expr  (14)
	expr : expr . XOR expr  (15)
	expr : expr . ASSIGN expr  (16)
	expr : expr . ADDEQUAL expr  (17)
	expr : expr . MINUSEQUAL expr  (18)
	expr : expr . TIMESEQUAL expr  (19)
	expr : expr . DIVEQUAL expr  (20)
	expr : expr . NOT  (24)
	expr : expr . OCTOTHORPE  (25)
	expr : expr . CONCAT expr  (36)
	expr : expr . LENGTH  (37)
	expr : expr . PROBCOLON expr  (38)

	BITAND  shift 57
	BITOR  shift 58
	XOR  shift 59
	TIMES  shift 63
	DIVIDE  shift 64
	RSHIFT  shift 65
	LSHIFT  shift 66
	ADDEQUAL  shift 67
	MINUSEQUAL  shift 68
	TIMESEQUAL  shift 69
	DIVEQUAL  shift 70
	NOT  shift 71
	LENGTH  shift 72
	OCTOTHORPE  shift 73
	COMPEQ  shift 74
	COMPLT  shift 75
	COMPLEQ  shift 76
	COMPGT  shift 77
	COMPGEQ  shift 78
	COMPNEQ  shift 79
	ASSIGN  reduce 2
	SEMICOLON  reduce 2
	PROBCOLON  reduce 2
	COMMA  reduce 2
	RBRACKET  reduce 2
	RPAREN  reduce 2
	CONCAT  reduce 2
	PLUS  reduce 2
	MINUS  reduce 2


state 104
	expr : expr . PLUS expr  (1)
	expr : expr . MINUS expr  (2)
	expr : expr . TIMES expr  (3)
	expr : expr TIMES expr .  (3)
	expr : expr . DIVIDE expr  (4)
	expr : expr . COMPEQ expr  (5)
	expr : expr . COMPLT expr  (6)
	expr : expr . COMPLEQ expr  (7)
	expr : expr . COMPGT expr  (8)
	expr : expr . COMPGEQ expr  (9)
	expr : expr . COMPNEQ expr  (10)
	expr : expr . RSHIFT expr  (11)
	expr : expr . LSHIFT expr  (12)
	expr : expr . BITAND expr  (13)
	expr : expr . BITOR expr  (14)
	expr : expr . XOR expr  (15)
	expr : expr . ASSIGN expr  (16)
	expr : expr . ADDEQUAL expr  (17)
	expr : expr . MINUSEQUAL expr  (18)
	expr : expr . TIMESEQUAL expr  (19)
	expr : expr . DIVEQUAL expr  (20)
	expr : expr . NOT  (24)
	expr : expr . OCTOTHORPE  (25)
	expr : expr . CONCAT expr  (36)
	expr : expr . LENGTH  (37)
	expr : expr . PROBCOLON expr  (38)

	BITAND  shift 57
	BITOR  shift 58
	XOR  shift 59
	RSHIFT  shift 65
	LSHIFT  shift 66
	ADDEQUAL  shift 67
	MINUSEQUAL  shift 68
	TIMESEQUAL  shift 69
	DIVEQUAL  shift 70
	NOT  shift 71
	LENGTH  shift 72
	OCTOTHORPE  shift 73
	COMPEQ  shift 74
	COMPLT  shift 75
	COMPLEQ  shift 76
	COMPGT  shift 77
	COMPGEQ  shift 78
	COMPNEQ  shift 79
	ASSIGN  reduce 3
	SEMICOLON  reduce 3
	PROBCOLON  reduce 3
	COMMA  reduce 3
	RBRACKET  reduce 3
	RPAREN  reduce 3
	CONCAT  reduce 3
	PLUS  reduce 3
	MINUS  reduce 3
	TIMES  reduce 3
	DIVIDE  reduce 3


state 105
	expr : expr . PLUS expr  (1)
	expr : expr . MINUS expr  (2)
	expr : expr . TIMES expr  (3)
	expr : expr . DIVIDE expr  (4)
	expr : expr DIVIDE expr .  (4)
	expr : expr . COMPEQ expr  (5)
	expr : expr . COMPLT expr  (6)
	expr : expr . COMPLEQ expr  (7)
	expr : expr . COMPGT expr  (8)
	expr : expr . COMPGEQ expr  (9)
	expr : expr . COMPNEQ expr  (10)
	expr : expr . RSHIFT expr  (11)
	expr : expr . LSHIFT expr  (12)
	expr : expr . BITAND expr  (13)
	expr : expr . BITOR expr  (14)
	expr : expr . XOR expr  (15)
	expr : expr . ASSIGN expr  (16)
	expr : expr . ADDEQUAL expr  (17)
	expr : expr . MINUSEQUAL expr  (18)
	expr : expr . TIMESEQUAL expr  (19)
	expr : expr . DIVEQUAL expr  (20)
	expr : expr . NOT  (24)
	expr : expr . OCTOTHORPE  (25)
	expr : expr . CONCAT expr  (36)
	expr : expr . LENGTH  (37)
	expr : expr . PROBCOLON expr  (38)

	BITAND  shift 57
	BITOR  shift 58
	XOR  shift 59
	RSHIFT  shift 65
	LSHIFT  shift 66
	ADDEQUAL  shift 67
	MINUSEQUAL  shift 68
	TIMESEQUAL  shift 69
	DIVEQUAL  shift 70
	NOT  shift 71
	LENGTH  shift 72
	OCTOTHORPE  shift 73
	COMPEQ  shift 74
	COMPLT  shift 75
	COMPLEQ  shift 76
	COMPGT  shift 77
	COMPGEQ  shift 78
	COMPNEQ  shift 79
	ASSIGN  reduce 4
	SEMICOLON  reduce 4
	PROBCOLON  reduce 4
	COMMA  reduce 4
	RBRACKET  reduce 4
	RPAREN  reduce 4
	CONCAT  reduce 4
	PLUS  reduce 4
	MINUS  reduce 4
	TIMES  reduce 4
	DIVIDE  reduce 4


state 106
	expr : expr . PLUS expr  (1)
	expr : expr . MINUS expr  (2)
	expr : expr . TIMES expr  (3)
	expr : expr . DIVIDE expr  (4)
	expr : expr . COMPEQ expr  (5)
	expr : expr . COMPLT expr  (6)
	expr : expr . COMPLEQ expr  (7)
	expr : expr . COMPGT expr  (8)
	expr : expr . COMPGEQ expr  (9)
	expr : expr . COMPNEQ expr  (10)
	expr : expr . RSHIFT expr  (11)
	expr : expr RSHIFT expr .  (11)
	expr : expr . LSHIFT expr  (12)
	expr : expr . BITAND expr  (13)
	expr : expr . BITOR expr  (14)
	expr : expr . XOR expr  (15)
	expr : expr . ASSIGN expr  (16)
	expr : expr . ADDEQUAL expr  (17)
	expr : expr . MINUSEQUAL expr  (18)
	expr : expr . TIMESEQUAL expr  (19)
	expr : expr . DIVEQUAL expr  (20)
	expr : expr . NOT  (24)
	expr : expr . OCTOTHORPE  (25)
	expr : expr . CONCAT expr  (36)
	expr : expr . LENGTH  (37)
	expr : expr . PROBCOLON expr  (38)

	BITAND  shift 57
	BITOR  shift 58
	XOR  shift 59
	NOT  shift 71
	LENGTH  shift 72
	OCTOTHORPE  shift 73
	COMPGT  shift 77
	COMPGEQ  shift 78
	COMPNEQ  shift 79
	ASSIGN  reduce 11
	SEMICOLON  reduce 11
	PROBCOLON  reduce 11
	COMMA  reduce 11
	RBRACKET  reduce 11
	RPAREN  reduce 11
	CONCAT  reduce 11
	PLUS  reduce 11
	MINUS  reduce 11
	TIMES  reduce 11
	DIVIDE  reduce 11
	RSHIFT  reduce 11
	LSHIFT  reduce 11
	ADDEQUAL  reduce 11
	MINUSEQUAL  reduce 11
	TIMESEQUAL  reduce 11
	DIVEQUAL  reduce 11
	COMPEQ  reduce 11
	COMPLT  reduce 11
	COMPLEQ  reduce 11


state 107
	expr : expr . PLUS expr  (1)
	expr : expr . MINUS expr  (2)
	expr : expr . TIMES expr  (3)
	expr : expr . DIVIDE expr  (4)
	expr : expr . COMPEQ expr  (5)
	expr : expr . COMPLT expr  (6)
	expr : expr . COMPLEQ expr  (7)
	expr : expr . COMPGT expr  (8)
	expr : expr . COMPGEQ expr  (9)
	expr : expr . COMPNEQ expr  (10)
	expr : expr . RSHIFT expr  (11)
	expr : expr . LSHIFT expr  (12)
	expr : expr LSHIFT expr .  (12)
	expr : expr . BITAND expr  (13)
	expr : expr . BITOR expr  (14)
	expr : expr . XOR expr  (15)
	expr : expr . ASSIGN expr  (16)
	expr : expr . ADDEQUAL expr  (17)
	expr : expr . MINUSEQUAL expr  (18)
	expr : expr . TIMESEQUAL expr  (19)
	expr : expr . DIVEQUAL expr  (20)
	expr : expr . NOT  (24)
	expr : expr . OCTOTHORPE  (25)
	expr : expr . CONCAT expr  (36)
	expr : expr . LENGTH  (37)
	expr : expr . PROBCOLON expr  (38)

	BITAND  shift 57
	BITOR  shift 58
	XOR  shift 59
	NOT  shift 71
	LENGTH  shift 72
	OCTOTHORPE  shift 73
	COMPGT  shift 77
	COMPGEQ  shift 78
	COMPNEQ  shift 79
	ASSIGN  reduce 12
	SEMICOLON  reduce 12
	PROBCOLON  reduce 12
	COMMA  reduce 12
	RBRACKET  reduce 12
	RPAREN  reduce 12
	CONCAT  reduce 12
	PLUS  reduce 12
	MINUS  reduce 12
	TIMES  reduce 12
	DIVIDE  reduce 12
	RSHIFT  reduce 12
	LSHIFT  reduce 12
	ADDEQUAL  reduce 12
	MINUSEQUAL  reduce 12
	TIMESEQUAL  reduce 12
	DIVEQUAL  reduce 12
	COMPEQ  reduce 12
	COMPLT  reduce 12
	COMPLEQ  reduce 12


state 108
	expr : expr . PLUS expr  (1)
	expr : expr . MINUS expr  (2)
	expr : expr . TIMES expr  (3)
	expr : expr . DIVIDE expr  (4)
	expr : expr . COMPEQ expr  (5)
	expr : expr . COMPLT expr  (6)
	expr : expr . COMPLEQ expr  (7)
	expr : expr . COMPGT expr  (8)
	expr : expr . COMPGEQ expr  (9)
	expr : expr . COMPNEQ expr  (10)
	expr : expr . RSHIFT expr  (11)
	expr : expr . LSHIFT expr  (12)
	expr : expr . BITAND expr  (13)
	expr : expr . BITOR expr  (14)
	expr : expr . XOR expr  (15)
	expr : expr . ASSIGN expr  (16)
	expr : expr . ADDEQUAL expr  (17)
	expr : expr ADDEQUAL expr .  (17)
	expr : expr . MINUSEQUAL expr  (18)
	expr : expr . TIMESEQUAL expr  (19)
	expr : expr . DIVEQUAL expr  (20)
	expr : expr . NOT  (24)
	expr : expr . OCTOTHORPE  (25)
	expr : expr . CONCAT expr  (36)
	expr : expr . LENGTH  (37)
	expr : expr . PROBCOLON expr  (38)

	BITAND  shift 57
	BITOR  shift 58
	XOR  shift 59
	NOT  shift 71
	LENGTH  shift 72
	OCTOTHORPE  shift 73
	COMPGT  shift 77
	COMPGEQ  shift 78
	COMPNEQ  shift 79
	ASSIGN  reduce 17
	SEMICOLON  reduce 17
	PROBCOLON  reduce 17
	COMMA  reduce 17
	RBRACKET  reduce 17
	RPAREN  reduce 17
	CONCAT  reduce 17
	PLUS  reduce 17
	MINUS  reduce 17
	TIMES  reduce 17
	DIVIDE  reduce 17
	RSHIFT  reduce 17
	LSHIFT  reduce 17
	ADDEQUAL  reduce 17
	MINUSEQUAL  reduce 17
	TIMESEQUAL  reduce 17
	DIVEQUAL  reduce 17
	COMPEQ  reduce 17
	COMPLT  reduce 17
	COMPLEQ  reduce 17


state 109
	expr : expr . PLUS expr  (1)
	expr : expr . MINUS expr  (2)
	expr : expr . TIMES expr  (3)
	expr : expr . DIVIDE expr  (4)
	expr : expr . COMPEQ expr  (5)
	expr : expr . COMPLT expr  (6)
	expr : expr . COMPLEQ expr  (7)
	expr : expr . COMPGT expr  (8)
	expr : expr . COMPGEQ expr  (9)
	expr : expr . COMPNEQ expr  (10)
	expr : expr . RSHIFT expr  (11)
	expr : expr . LSHIFT expr  (12)
	expr : expr . BITAND expr  (13)
	expr : expr . BITOR expr  (14)
	expr : expr . XOR expr  (15)
	expr : expr . ASSIGN expr  (16)
	expr : expr . ADDEQUAL expr  (17)
	expr : expr . MINUSEQUAL expr  (18)
	expr : expr MINUSEQUAL expr .  (18)
	expr : expr . TIMESEQUAL expr  (19)
	expr : expr . DIVEQUAL expr  (20)
	expr : expr . NOT  (24)
	expr : expr . OCTOTHORPE  (25)
	expr : expr . CONCAT expr  (36)
	expr : expr . LENGTH  (37)
	expr : expr . PROBCOLON expr  (38)

	BITAND  shift 57
	BITOR  shift 58
	XOR  shift 59
	NOT  shift 71
	LENGTH  shift 72
	OCTOTHORPE  shift 73
	COMPGT  shift 77
	COMPGEQ  shift 78
	COMPNEQ  shift 79
	ASSIGN  reduce 18
	SEMICOLON  reduce 18
	PROBCOLON  reduce 18
	COMMA  reduce 18
	RBRACKET  reduce 18
	RPAREN  reduce 18
	CONCAT  reduce 18
	PLUS  reduce 18
	MINUS  reduce 18
	TIMES  reduce 18
	DIVIDE  reduce 18
	RSHIFT  reduce 18
	LSHIFT  reduce 18
	ADDEQUAL  reduce 18
	MINUSEQUAL  reduce 18
	TIMESEQUAL  reduce 18
	DIVEQUAL  reduce 18
	COMPEQ  reduce 18
	COMPLT  reduce 18
	COMPLEQ  reduce 18


state 110
	expr : expr . PLUS expr  (1)
	expr : expr . MINUS expr  (2)
	expr : expr . TIMES expr  (3)
	expr : expr . DIVIDE expr  (4)
	expr : expr . COMPEQ expr  (5)
	expr : expr . COMPLT expr  (6)
	expr : expr . COMPLEQ expr  (7)
	expr : expr . COMPGT expr  (8)
	expr : expr . COMPGEQ expr  (9)
	expr : expr . COMPNEQ expr  (10)
	expr : expr . RSHIFT expr  (11)
	expr : expr . LSHIFT expr  (12)
	expr : expr . BITAND expr  (13)
	expr : expr . BITOR expr  (14)
	expr : expr . XOR expr  (15)
	expr : expr . ASSIGN expr  (16)
	expr : expr . ADDEQUAL expr  (17)
	expr : expr . MINUSEQUAL expr  (18)
	expr : expr . TIMESEQUAL expr  (19)
	expr : expr TIMESEQUAL expr .  (19)
	expr : expr . DIVEQUAL expr  (20)
	expr : expr . NOT  (24)
	expr : expr . OCTOTHORPE  (25)
	expr : expr . CONCAT expr  (36)
	expr : expr . LENGTH  (37)
	expr : expr . PROBCOLON expr  (38)

	BITAND  shift 57
	BITOR  shift 58
	XOR  shift 59
	NOT  shift 71
	LENGTH  shift 72
	OCTOTHORPE  shift 73
	COMPGT  shift 77
	COMPGEQ  shift 78
	COMPNEQ  shift 79
	ASSIGN  reduce 19
	SEMICOLON  reduce 19
	PROBCOLON  reduce 19
	COMMA  reduce 19
	RBRACKET  reduce 19
	RPAREN  reduce 19
	CONCAT  reduce 19
	PLUS  reduce 19
	MINUS  reduce 19
	TIMES  reduce 19
	DIVIDE  reduce 19
	RSHIFT  reduce 19
	LSHIFT  reduce 19
	ADDEQUAL  reduce 19
	MINUSEQUAL  reduce 19
	TIMESEQUAL  reduce 19
	DIVEQUAL  reduce 19
	COMPEQ  reduce 19
	COMPLT  reduce 19
	COMPLEQ  reduce 19


state 111
	expr : expr . PLUS expr  (1)
	expr : expr . MINUS expr  (2)
	expr : expr . TIMES expr  (3)
	expr : expr . DIVIDE expr  (4)
	expr : expr . COMPEQ expr  (5)
	expr : expr . COMPLT expr  (6)
	expr : expr . COMPLEQ expr  (7)
	expr : expr . COMPGT expr  (8)
	expr : expr . COMPGEQ expr  (9)
	expr : expr . COMPNEQ expr  (10)
	expr : expr . RSHIFT expr  (11)
	expr : expr . LSHIFT expr  (12)
	expr : expr . BITAND expr  (13)
	expr : expr . BITOR expr  (14)
	expr : expr . XOR expr  (15)
	expr : expr . ASSIGN expr  (16)
	expr : expr . ADDEQUAL expr  (17)
	expr : expr . MINUSEQUAL expr  (18)
	expr : expr . TIMESEQUAL expr  (19)
	expr : expr . DIVEQUAL expr  (20)
	expr : expr DIVEQUAL expr .  (20)
	expr : expr . NOT  (24)
	expr : expr . OCTOTHORPE  (25)
	expr : expr . CONCAT expr  (36)
	expr : expr . LENGTH  (37)
	expr : expr . PROBCOLON expr  (38)

	BITAND  shift 57
	BITOR  shift 58
	XOR  shift 59
	NOT  shift 71
	LENGTH  shift 72
	OCTOTHORPE  shift 73
	COMPGT  shift 77
	COMPGEQ  shift 78
	COMPNEQ  shift 79
	ASSIGN  reduce 20
	SEMICOLON  reduce 20
	PROBCOLON  reduce 20
	COMMA  reduce 20
	RBRACKET  reduce 20
	RPAREN  reduce 20
	CONCAT  reduce 20
	PLUS  reduce 20
	MINUS  reduce 20
	TIMES  reduce 20
	DIVIDE  reduce 20
	RSHIFT  reduce 20
	LSHIFT  reduce 20
	ADDEQUAL  reduce 20
	MINUSEQUAL  reduce 20
	TIMESEQUAL  reduce 20
	DIVEQUAL  reduce 20
	COMPEQ  reduce 20
	COMPLT  reduce 20
	COMPLEQ  reduce 20


state 112
	expr : expr . PLUS expr  (1)
	expr : expr . MINUS expr  (2)
	expr : expr . TIMES expr  (3)
	expr : expr . DIVIDE expr  (4)
	expr : expr . COMPEQ expr  (5)
	expr : expr COMPEQ expr .  (5)
	expr : expr . COMPLT expr  (6)
	expr : expr . COMPLEQ expr  (7)
	expr : expr . COMPGT expr  (8)
	expr : expr . COMPGEQ expr  (9)
	expr : expr . COMPNEQ expr  (10)
	expr : expr . RSHIFT expr  (11)
	expr : expr . LSHIFT expr  (12)
	expr : expr . BITAND expr  (13)
	expr : expr . BITOR expr  (14)
	expr : expr . XOR expr  (15)
	expr : expr . ASSIGN expr  (16)
	expr : expr . ADDEQUAL expr  (17)
	expr : expr . MINUSEQUAL expr  (18)
	expr : expr . TIMESEQUAL expr  (19)
	expr : expr . DIVEQUAL expr  (20)
	expr : expr . NOT  (24)
	expr : expr . OCTOTHORPE  (25)
	expr : expr . CONCAT expr  (36)
	expr : expr . LENGTH  (37)
	expr : expr . PROBCOLON expr  (38)

	BITAND  shift 57
	BITOR  shift 58
	XOR  shift 59
	NOT  shift 71
	LENGTH  shift 72
	OCTOTHORPE  shift 73
	COMPGT  shift 77
	COMPGEQ  shift 78
	COMPNEQ  shift 79
	ASSIGN  reduce 5
	SEMICOLON  reduce 5
	PROBCOLON  reduce 5
	COMMA  reduce 5
	RBRACKET  reduce 5
	RPAREN  reduce 5
	CONCAT  reduce 5
	PLUS  reduce 5
	MINUS  reduce 5
	TIMES  reduce 5
	DIVIDE  reduce 5
	RSHIFT  reduce 5
	LSHIFT  reduce 5
	ADDEQUAL  reduce 5
	MINUSEQUAL  reduce 5
	TIMESEQUAL  reduce 5
	DIVEQUAL  reduce 5
	COMPEQ  reduce 5
	COMPLT  reduce 5
	COMPLEQ  reduce 5


state 113
	expr : expr . PLUS expr  (1)
	expr : expr . MINUS expr  (2)
	expr : expr . TIMES expr  (3)
	expr : expr . DIVIDE expr  (4)
	expr : expr . COMPEQ expr  (5)
	expr : expr . COMPLT expr  (6)
	expr : expr COMPLT expr .  (6)
	expr : expr . COMPLEQ expr  (7)
	expr : expr . COMPGT expr  (8)
	expr : expr . COMPGEQ expr  (9)
	expr : expr . COMPNEQ expr  (10)
	expr : expr . RSHIFT expr  (11)
	expr : expr . LSHIFT expr  (12)
	expr : expr . BITAND expr  (13)
	expr : expr . BITOR expr  (14)
	expr : expr . XOR expr  (15)
	expr : expr . ASSIGN expr  (16)
	expr : expr . ADDEQUAL expr  (17)
	expr : expr . MINUSEQUAL expr  (18)
	expr : expr . TIMESEQUAL expr  (19)
	expr : expr . DIVEQUAL expr  (20)
	expr : expr . NOT  (24)
	expr : expr . OCTOTHORPE  (25)
	expr : expr . CONCAT expr  (36)
	expr : expr . LENGTH  (37)
	expr : expr . PROBCOLON expr  (38)

	BITAND  shift 57
	BITOR  shift 58
	XOR  shift 59
	NOT  shift 71
	LENGTH  shift 72
	OCTOTHORPE  shift 73
	COMPGT  shift 77
	COMPGEQ  shift 78
	COMPNEQ  shift 79
	ASSIGN  reduce 6
	SEMICOLON  reduce 6
	PROBCOLON  reduce 6
	COMMA  reduce 6
	RBRACKET  reduce 6
	RPAREN  reduce 6
	CONCAT  reduce 6
	PLUS  reduce 6
	MINUS  reduce 6
	TIMES  reduce 6
	DIVIDE  reduce 6
	RSHIFT  reduce 6
	LSHIFT  reduce 6
	ADDEQUAL  reduce 6
	MINUSEQUAL  reduce 6
	TIMESEQUAL  reduce 6
	DIVEQUAL  reduce 6
	COMPEQ  reduce 6
	COMPLT  reduce 6
	COMPLEQ  reduce 6


state 114
	expr : expr . PLUS expr  (1)
	expr : expr . MINUS expr  (2)
	expr : expr . TIMES expr  (3)
	expr : expr . DIVIDE expr  (4)
	expr : expr . COMPEQ expr  (5)
	expr : expr . COMPLT expr  (6)
	expr : expr . COMPLEQ expr  (7)
	expr : expr COMPLEQ expr .  (7)
	expr : expr . COMPGT expr  (8)
	expr : expr . COMPGEQ expr  (9)
	expr : expr . COMPNEQ expr  (10)
	expr : expr . RSHIFT expr  (11)
	expr : expr . LSHIFT expr  (12)
	expr : expr . BITAND expr  (13)
	expr : expr . BITOR expr  (14)
	expr : expr . XOR expr  (15)
	expr : expr . ASSIGN expr  (16)
	expr : expr . ADDEQUAL expr  (17)
	expr : expr . MINUSEQUAL expr  (18)
	expr : expr . TIMESEQUAL expr  (19)
	expr : expr . DIVEQUAL expr  (20)
	expr : expr . NOT  (24)
	expr : expr . OCTOTHORPE  (25)
	expr : expr . CONCAT expr  (36)
	expr : expr . LENGTH  (37)
	expr : expr . PROBCOLON expr  (38)

	BITAND  shift 57
	BITOR  shift 58
	XOR  shift 59
	NOT  shift 71
	LENGTH  shift 72
	OCTOTHORPE  shift 73
	COMPGT  shift 77
	COMPGEQ  shift 78
	COMPNEQ  shift 79
	ASSIGN  reduce 7
	SEMICOLON  reduce 7
	PROBCOLON  reduce 7
	COMMA  reduce 7
	RBRACKET  reduce 7
	RPAREN  reduce 7
	CONCAT  reduce 7
	PLUS  reduce 7
	MINUS  reduce 7
	TIMES  reduce 7
	DIVIDE  reduce 7
	RSHIFT  reduce 7
	LSHIFT  reduce 7
	ADDEQUAL  reduce 7
	MINUSEQUAL  reduce 7
	TIMESEQUAL  reduce 7
	DIVEQUAL  reduce 7
	COMPEQ  reduce 7
	COMPLT  reduce 7
	COMPLEQ  reduce 7


state 115
	expr : expr . PLUS expr  (1)
	expr : expr . MINUS expr  (2)
	expr : expr . TIMES expr  (3)
	expr : expr . DIVIDE expr  (4)
	expr : expr . COMPEQ expr  (5)
	expr : expr . COMPLT expr  (6)
	expr : expr . COMPLEQ expr  (7)
	expr : expr . COMPGT expr  (8)
	expr : expr COMPGT expr .  (8)
	expr : expr . COMPGEQ expr  (9)
	expr : expr . COMPNEQ expr  (10)
	expr : expr . RSHIFT expr  (11)
	expr : expr . LSHIFT expr  (12)
	expr : expr . BITAND expr  (13)
	expr : expr . BITOR expr  (14)
	expr : expr . XOR expr  (15)
	expr : expr . ASSIGN expr  (16)
	expr : expr . ADDEQUAL expr  (17)
	expr : expr . MINUSEQUAL expr  (18)
	expr : expr . TIMESEQUAL expr  (19)
	expr : expr . DIVEQUAL expr  (20)
	expr : expr . NOT  (24)
	expr : expr . OCTOTHORPE  (25)
	expr : expr . CONCAT expr  (36)
	expr : expr . LENGTH  (37)
	expr : expr . PROBCOLON expr  (38)

	BITAND  shift 57
	BITOR  shift 58
	XOR  shift 59
	NOT  shift 71
	LENGTH  shift 72
	OCTOTHORPE  shift 73
	ASSIGN  reduce 8
	SEMICOLON  reduce 8
	PROBCOLON  reduce 8
	COMMA  reduce 8
	RBRACKET  reduce 8
	RPAREN  reduce 8
	CONCAT  reduce 8
	PLUS  reduce 8
	MINUS  reduce 8
	TIMES  reduce 8
	DIVIDE  reduce 8
	RSHIFT  reduce 8
	LSHIFT  reduce 8
	ADDEQUAL  reduce 8
	MINUSEQUAL  reduce 8
	TIMESEQUAL  reduce 8
	DIVEQUAL  reduce 8
	COMPEQ  reduce 8
	COMPLT  reduce 8
	COMPLEQ  reduce 8
	COMPGT  reduce 8
	COMPGEQ  reduce 8
	COMPNEQ  reduce 8


state 116
	expr : expr . PLUS expr  (1)
	expr : expr . MINUS expr  (2)
	expr : expr . TIMES expr  (3)
	expr : expr . DIVIDE expr  (4)
	expr : expr . COMPEQ expr  (5)
	expr : expr . COMPLT expr  (6)
	expr : expr . COMPLEQ expr  (7)
	expr : expr . COMPGT expr  (8)
	expr : expr . COMPGEQ expr  (9)
	expr : expr COMPGEQ expr .  (9)
	expr : expr . COMPNEQ expr  (10)
	expr : expr . RSHIFT expr  (11)
	expr : expr . LSHIFT expr  (12)
	expr : expr . BITAND expr  (13)
	expr : expr . BITOR expr  (14)
	expr : expr . XOR expr  (15)
	expr : expr . ASSIGN expr  (16)
	expr : expr . ADDEQUAL expr  (17)
	expr : expr . MINUSEQUAL expr  (18)
	expr : expr . TIMESEQUAL expr  (19)
	expr : expr . DIVEQUAL expr  (20)
	expr : expr . NOT  (24)
	expr : expr . OCTOTHORPE  (25)
	expr : expr . CONCAT expr  (36)
	expr : expr . LENGTH  (37)
	expr : expr . PROBCOLON expr  (38)

	BITAND  shift 57
	BITOR  shift 58
	XOR  shift 59
	NOT  shift 71
	LENGTH  shift 72
	OCTOTHORPE  shift 73
	ASSIGN  reduce 9
	SEMICOLON  reduce 9
	PROBCOLON  reduce 9
	COMMA  reduce 9
	RBRACKET  reduce 9
	RPAREN  reduce 9
	CONCAT  reduce 9
	PLUS  reduce 9
	MINUS  reduce 9
	TIMES  reduce 9
	DIVIDE  reduce 9
	RSHIFT  reduce 9
	LSHIFT  reduce 9
	ADDEQUAL  reduce 9
	MINUSEQUAL  reduce 9
	TIMESEQUAL  reduce 9
	DIVEQUAL  reduce 9
	COMPEQ  reduce 9
	COMPLT  reduce 9
	COMPLEQ  reduce 9
	COMPGT  reduce 9
	COMPGEQ  reduce 9
	COMPNEQ  reduce 9


state 117
	expr : expr . PLUS expr  (1)
	expr : expr . MINUS expr  (2)
	expr : expr . TIMES expr  (3)
	expr : expr . DIVIDE expr  (4)
	expr : expr . COMPEQ expr  (5)
	expr : expr . COMPLT expr  (6)
	expr : expr . COMPLEQ expr  (7)
	expr : expr . COMPGT expr  (8)
	expr : expr . COMPGEQ expr  (9)
	expr : expr . COMPNEQ expr  (10)
	expr : expr COMPNEQ expr .  (10)
	expr : expr . RSHIFT expr  (11)
	expr : expr . LSHIFT expr  (12)
	expr : expr . BITAND expr  (13)
	expr : expr . BITOR expr  (14)
	expr : expr . XOR expr  (15)
	expr : expr . ASSIGN expr  (16)
	expr : expr . ADDEQUAL expr  (17)
	expr : expr . MINUSEQUAL expr  (18)
	expr : expr . TIMESEQUAL expr  (19)
	expr : expr . DIVEQUAL expr  (20)
	expr : expr . NOT  (24)
	expr : expr . OCTOTHORPE  (25)
	expr : expr . CONCAT expr  (36)
	expr : expr . LENGTH  (37)
	expr : expr . PROBCOLON expr  (38)

	BITAND  shift 57
	BITOR  shift 58
	XOR  shift 59
	NOT  shift 71
	LENGTH  shift 72
	OCTOTHORPE  shift 73
	ASSIGN  reduce 10
	SEMICOLON  reduce 10
	PROBCOLON  reduce 10
	COMMA  reduce 10
	RBRACKET  reduce 10
	RPAREN  reduce 10
	CONCAT  reduce 10
	PLUS  reduce 10
	MINUS  reduce 10
	TIMES  reduce 10
	DIVIDE  reduce 10
	RSHIFT  reduce 10
	LSHIFT  reduce 10
	ADDEQUAL  reduce 10
	MINUSEQUAL  reduce 10
	TIMESEQUAL  reduce 10
	DIVEQUAL  reduce 10
	COMPEQ  reduce 10
	COMPLT  reduce 10
	COMPLEQ  reduce 10
	COMPGT  reduce 10
	COMPGEQ  reduce 10
	COMPNEQ  reduce 10


state 118
	expr : id ADDHEAD ASSIGN . expr  (34)

	LBRACKET  shift 27
	LPAREN  shift 28
	BITNOT  shift 29
	NOT  shift 30
	BOOL_LIT  shift 31
	INT_LIT  shift 32
	CHAR_LIT  shift 33
	FLOAT_LIT  shift 34
	STRING_LIT  shift 35
	ID  shift 36
	.  error

	expr  goto 129
	id  goto 38
	list_elt  goto 39


state 119
	expr : id ADDTAIL ASSIGN . expr  (35)

	LBRACKET  shift 27
	LPAREN  shift 28
	BITNOT  shift 29
	NOT  shift 30
	BOOL_LIT  shift 31
	INT_LIT  shift 32
	CHAR_LIT  shift 33
	FLOAT_LIT  shift 34
	STRING_LIT  shift 35
	ID  shift 36
	.  error

	expr  goto 130
	id  goto 38
	list_elt  goto 39


state 120
	fdecl : typ_decl ID LPAREN formals_opt RPAREN LBRACE . vdecl_list stmt_list RBRACE  (78)
	vdecl_list : .  (83)

	.  reduce 83

	vdecl_list  goto 131


state 121
	formal_list : formal_list COMMA typ_decl . ID  (82)

	ID  shift 132
	.  error


state 122
	expr : expr . PLUS expr  (1)
	expr : expr . MINUS expr  (2)
	expr : expr . TIMES expr  (3)
	expr : expr . DIVIDE expr  (4)
	expr : expr . COMPEQ expr  (5)
	expr : expr . COMPLT expr  (6)
	expr : expr . COMPLEQ expr  (7)
	expr : expr . COMPGT expr  (8)
	expr : expr . COMPGEQ expr  (9)
	expr : expr . COMPNEQ expr  (10)
	expr : expr . RSHIFT expr  (11)
	expr : expr . LSHIFT expr  (12)
	expr : expr . BITAND expr  (13)
	expr : expr . BITOR expr  (14)
	expr : expr . XOR expr  (15)
	expr : expr . ASSIGN expr  (16)
	expr : expr . ADDEQUAL expr  (17)
	expr : expr . MINUSEQUAL expr  (18)
	expr : expr . TIMESEQUAL expr  (19)
	expr : expr . DIVEQUAL expr  (20)
	expr : expr . NOT  (24)
	expr : expr . OCTOTHORPE  (25)
	expr : expr . CONCAT expr  (36)
	expr : expr . LENGTH  (37)
	expr : expr . PROBCOLON expr  (38)
	expr_list : expr_list COMMA expr .  (52)

	ASSIGN  shift 54
	PROBCOLON  shift 56
	BITAND  shift 57
	BITOR  shift 58
	XOR  shift 59
	CONCAT  shift 60
	PLUS  shift 61
	MINUS  shift 62
	TIMES  shift 63
	DIVIDE  shift 64
	RSHIFT  shift 65
	LSHIFT  shift 66
	ADDEQUAL  shift 67
	MINUSEQUAL  shift 68
	TIMESEQUAL  shift 69
	DIVEQUAL  shift 70
	NOT  shift 71
	LENGTH  shift 72
	OCTOTHORPE  shift 73
	COMPEQ  shift 74
	COMPLT  shift 75
	COMPLEQ  shift 76
	COMPGT  shift 77
	COMPGEQ  shift 78
	COMPNEQ  shift 79
	COMMA  reduce 52
	RBRACKET  reduce 52


state 123
	expr : LPAREN MINUS expr RPAREN .  (21)

	.  reduce 21


state 124
	expr : expr . PLUS expr  (1)
	expr : expr . MINUS expr  (2)
	expr : expr . TIMES expr  (3)
	expr : expr . DIVIDE expr  (4)
	expr : expr . COMPEQ expr  (5)
	expr : expr . COMPLT expr  (6)
	expr : expr . COMPLEQ expr  (7)
	expr : expr . COMPGT expr  (8)
	expr : expr . COMPGEQ expr  (9)
	expr : expr . COMPNEQ expr  (10)
	expr : expr . RSHIFT expr  (11)
	expr : expr . LSHIFT expr  (12)
	expr : expr . BITAND expr  (13)
	expr : expr . BITOR expr  (14)
	expr : expr . XOR expr  (15)
	expr : expr . ASSIGN expr  (16)
	expr : expr . ADDEQUAL expr  (17)
	expr : expr . MINUSEQUAL expr  (18)
	expr : expr . TIMESEQUAL expr  (19)
	expr : expr . DIVEQUAL expr  (20)
	expr : expr . NOT  (24)
	expr : expr . OCTOTHORPE  (25)
	expr : LPAREN typ_decl RPAREN expr .  (26)
	expr : expr . CONCAT expr  (36)
	expr : expr . LENGTH  (37)
	expr : expr . PROBCOLON expr  (38)

	NOT  shift 71
	ASSIGN  reduce 26
	SEMICOLON  reduce 26
	PROBCOLON  reduce 26
	COMMA  reduce 26
	RBRACKET  reduce 26
	RPAREN  reduce 26
	BITAND  reduce 26
	BITOR  reduce 26
	XOR  reduce 26
	CONCAT  reduce 26
	PLUS  reduce 26
	MINUS  reduce 26
	TIMES  reduce 26
	DIVIDE  reduce 26
	RSHIFT  reduce 26
	LSHIFT  reduce 26
	ADDEQUAL  reduce 26
	MINUSEQUAL  reduce 26
	TIMESEQUAL  reduce 26
	DIVEQUAL  reduce 26
	LENGTH  reduce 26
	OCTOTHORPE  reduce 26
	COMPEQ  reduce 26
	COMPLT  reduce 26
	COMPLEQ  reduce 26
	COMPGT  reduce 26
	COMPGEQ  reduce 26
	COMPNEQ  reduce 26


state 125
	index : LBRACKET expr RBRACKET .  (44)

	.  reduce 44


state 126
	expr : ID LPAREN args_opt RPAREN .  (39)

	.  reduce 39


state 127
	args_list : args_list COMMA . expr  (56)

	LBRACKET  shift 27
	LPAREN  shift 28
	BITNOT  shift 29
	NOT  shift 30
	BOOL_LIT  shift 31
	INT_LIT  shift 32
	CHAR_LIT  shift 33
	FLOAT_LIT  shift 34
	STRING_LIT  shift 35
	ID  shift 36
	.  error

	expr  goto 133
	id  goto 38
	list_elt  goto 39


state 128
	index_list_opt : index index_list_opt .  (46)

	.  reduce 46


state 129
	expr : expr . PLUS expr  (1)
	expr : expr . MINUS expr  (2)
	expr : expr . TIMES expr  (3)
	expr : expr . DIVIDE expr  (4)
	expr : expr . COMPEQ expr  (5)
	expr : expr . COMPLT expr  (6)
	expr : expr . COMPLEQ expr  (7)
	expr : expr . COMPGT expr  (8)
	expr : expr . COMPGEQ expr  (9)
	expr : expr . COMPNEQ expr  (10)
	expr : expr . RSHIFT expr  (11)
	expr : expr . LSHIFT expr  (12)
	expr : expr . BITAND expr  (13)
	expr : expr . BITOR expr  (14)
	expr : expr . XOR expr  (15)
	expr : expr . ASSIGN expr  (16)
	expr : expr . ADDEQUAL expr  (17)
	expr : expr . MINUSEQUAL expr  (18)
	expr : expr . TIMESEQUAL expr  (19)
	expr : expr . DIVEQUAL expr  (20)
	expr : expr . NOT  (24)
	expr : expr . OCTOTHORPE  (25)
	expr : id ADDHEAD ASSIGN expr .  (34)
	expr : expr . CONCAT expr  (36)
	expr : expr . LENGTH  (37)
	expr : expr . PROBCOLON expr  (38)

	ASSIGN  shift 54
	PROBCOLON  shift 56
	BITAND  shift 57
	BITOR  shift 58
	XOR  shift 59
	CONCAT  shift 60
	PLUS  shift 61
	MINUS  shift 62
	TIMES  shift 63
	DIVIDE  shift 64
	RSHIFT  shift 65
	LSHIFT  shift 66
	ADDEQUAL  shift 67
	MINUSEQUAL  shift 68
	TIMESEQUAL  shift 69
	DIVEQUAL  shift 70
	NOT  shift 71
	LENGTH  shift 72
	OCTOTHORPE  shift 73
	COMPEQ  shift 74
	COMPLT  shift 75
	COMPLEQ  shift 76
	COMPGT  shift 77
	COMPGEQ  shift 78
	COMPNEQ  shift 79
	SEMICOLON  reduce 34
	COMMA  reduce 34
	RBRACKET  reduce 34
	RPAREN  reduce 34


state 130
	expr : expr . PLUS expr  (1)
	expr : expr . MINUS expr  (2)
	expr : expr . TIMES expr  (3)
	expr : expr . DIVIDE expr  (4)
	expr : expr . COMPEQ expr  (5)
	expr : expr . COMPLT expr  (6)
	expr : expr . COMPLEQ expr  (7)
	expr : expr . COMPGT expr  (8)
	expr : expr . COMPGEQ expr  (9)
	expr : expr . COMPNEQ expr  (10)
	expr : expr . RSHIFT expr  (11)
	expr : expr . LSHIFT expr  (12)
	expr : expr . BITAND expr  (13)
	expr : expr . BITOR expr  (14)
	expr : expr . XOR expr  (15)
	expr : expr . ASSIGN expr  (16)
	expr : expr . ADDEQUAL expr  (17)
	expr : expr . MINUSEQUAL expr  (18)
	expr : expr . TIMESEQUAL expr  (19)
	expr : expr . DIVEQUAL expr  (20)
	expr : expr . NOT  (24)
	expr : expr . OCTOTHORPE  (25)
	expr : id ADDTAIL ASSIGN expr .  (35)
	expr : expr . CONCAT expr  (36)
	expr : expr . LENGTH  (37)
	expr : expr . PROBCOLON expr  (38)

	ASSIGN  shift 54
	PROBCOLON  shift 56
	BITAND  shift 57
	BITOR  shift 58
	XOR  shift 59
	CONCAT  shift 60
	PLUS  shift 61
	MINUS  shift 62
	TIMES  shift 63
	DIVIDE  shift 64
	RSHIFT  shift 65
	LSHIFT  shift 66
	ADDEQUAL  shift 67
	MINUSEQUAL  shift 68
	TIMESEQUAL  shift 69
	DIVEQUAL  shift 70
	NOT  shift 71
	LENGTH  shift 72
	OCTOTHORPE  shift 73
	COMPEQ  shift 74
	COMPLT  shift 75
	COMPLEQ  shift 76
	COMPGT  shift 77
	COMPGEQ  shift 78
	COMPNEQ  shift 79
	SEMICOLON  reduce 35
	COMMA  reduce 35
	RBRACKET  reduce 35
	RPAREN  reduce 35


state 131
	fdecl : typ_decl ID LPAREN formals_opt RPAREN LBRACE vdecl_list . stmt_list RBRACE  (78)
	vdecl_list : vdecl_list . vdecl  (84)
	stmt_list : .  (70)

	INT  shift 6
	CHAR  shift 7
	BOOL  shift 8
	STRING  shift 9
	FLOAT  shift 10
	PROB  shift 11
	LIST  shift 12
	VOID  shift 13
	IF  reduce 70
	LBRACKET  reduce 70
	RBRACE  reduce 70
	LPAREN  reduce 70
	BITNOT  reduce 70
	WHILE  reduce 70
	FOR  reduce 70
	NOT  reduce 70
	RETURN  reduce 70
	BREAK  reduce 70
	CONTINUE  reduce 70
	BOOL_LIT  reduce 70
	INT_LIT  reduce 70
	CHAR_LIT  reduce 70
	FLOAT_LIT  reduce 70
	STRING_LIT  reduce 70
	ID  reduce 70

	typ_decl  goto 134
	stmt_list  goto 135
	vdecl  goto 136
	spec_qual_list  goto 17
	typ_spec  goto 18
	typ_qual  goto 19


state 132
	formal_list : formal_list COMMA typ_decl ID .  (82)

	.  reduce 82


state 133
	expr : expr . PLUS expr  (1)
	expr : expr . MINUS expr  (2)
	expr : expr . TIMES expr  (3)
	expr : expr . DIVIDE expr  (4)
	expr : expr . COMPEQ expr  (5)
	expr : expr . COMPLT expr  (6)
	expr : expr . COMPLEQ expr  (7)
	expr : expr . COMPGT expr  (8)
	expr : expr . COMPGEQ expr  (9)
	expr : expr . COMPNEQ expr  (10)
	expr : expr . RSHIFT expr  (11)
	expr : expr . LSHIFT expr  (12)
	expr : expr . BITAND expr  (13)
	expr : expr . BITOR expr  (14)
	expr : expr . XOR expr  (15)
	expr : expr . ASSIGN expr  (16)
	expr : expr . ADDEQUAL expr  (17)
	expr : expr . MINUSEQUAL expr  (18)
	expr : expr . TIMESEQUAL expr  (19)
	expr : expr . DIVEQUAL expr  (20)
	expr : expr . NOT  (24)
	expr : expr . OCTOTHORPE  (25)
	expr : expr . CONCAT expr  (36)
	expr : expr . LENGTH  (37)
	expr : expr . PROBCOLON expr  (38)
	args_list : args_list COMMA expr .  (56)

	ASSIGN  shift 54
	PROBCOLON  shift 56
	BITAND  shift 57
	BITOR  shift 58
	XOR  shift 59
	CONCAT  shift 60
	PLUS  shift 61
	MINUS  shift 62
	TIMES  shift 63
	DIVIDE  shift 64
	RSHIFT  shift 65
	LSHIFT  shift 66
	ADDEQUAL  shift 67
	MINUSEQUAL  shift 68
	TIMESEQUAL  shift 69
	DIVEQUAL  shift 70
	NOT  shift 71
	LENGTH  shift 72
	OCTOTHORPE  shift 73
	COMPEQ  shift 74
	COMPLT  shift 75
	COMPLEQ  shift 76
	COMPGT  shift 77
	COMPGEQ  shift 78
	COMPNEQ  shift 79
	COMMA  reduce 56
	RPAREN  reduce 56


state 134
	vdecl : typ_decl . ID SEMICOLON  (85)
	vdecl : typ_decl . ID ASSIGN expr SEMICOLON  (86)

	ID  shift 137
	.  error


state 135
	stmt_list : stmt_list . stmt  (71)
	fdecl : typ_decl ID LPAREN formals_opt RPAREN LBRACE vdecl_list stmt_list . RBRACE  (78)

	IF  shift 138
	LBRACKET  shift 27
	RBRACE  shift 139
	LPAREN  shift 28
	BITNOT  shift 29
	WHILE  shift 140
	FOR  shift 141
	NOT  shift 30
	RETURN  shift 142
	BREAK  shift 143
	CONTINUE  shift 144
	BOOL_LIT  shift 31
	INT_LIT  shift 32
	CHAR_LIT  shift 33
	FLOAT_LIT  shift 34
	STRING_LIT  shift 35
	ID  shift 36
	.  error

	expr  goto 145
	id  goto 38
	list_elt  goto 39
	stmt  goto 146
	if_stmt  goto 147


state 136
	vdecl_list : vdecl_list vdecl .  (84)

	.  reduce 84


state 137
	vdecl : typ_decl ID . SEMICOLON  (85)
	vdecl : typ_decl ID . ASSIGN expr SEMICOLON  (86)

	ASSIGN  shift 24
	SEMICOLON  shift 25
	.  error


state 138
	if_stmt : IF . LPAREN expr RPAREN block  (67)

	LPAREN  shift 148
	.  error


state 139
	fdecl : typ_decl ID LPAREN formals_opt RPAREN LBRACE vdecl_list stmt_list RBRACE .  (78)

	.  reduce 78


state 140
	stmt : WHILE . LPAREN expr RPAREN block  (66)

	LPAREN  shift 149
	.  error


state 141
	stmt : FOR . LPAREN expr_opt SEMICOLON expr_opt SEMICOLON expr_opt SEMICOLON RPAREN block  (65)

	LPAREN  shift 150
	.  error


state 142
	stmt : RETURN . expr_opt SEMICOLON  (60)
	expr_opt : .  (47)

	LBRACKET  shift 27
	LPAREN  shift 28
	BITNOT  shift 29
	NOT  shift 30
	BOOL_LIT  shift 31
	INT_LIT  shift 32
	CHAR_LIT  shift 33
	FLOAT_LIT  shift 34
	STRING_LIT  shift 35
	ID  shift 36
	SEMICOLON  reduce 47

	expr  goto 151
	id  goto 38
	list_elt  goto 39
	expr_opt  goto 152


state 143
	stmt : BREAK . SEMICOLON  (58)

	SEMICOLON  shift 153
	.  error


state 144
	stmt : CONTINUE . SEMICOLON  (59)

	SEMICOLON  shift 154
	.  error


state 145
	expr : expr . PLUS expr  (1)
	expr : expr . MINUS expr  (2)
	expr : expr . TIMES expr  (3)
	expr : expr . DIVIDE expr  (4)
	expr : expr . COMPEQ expr  (5)
	expr : expr . COMPLT expr  (6)
	expr : expr . COMPLEQ expr  (7)
	expr : expr . COMPGT expr  (8)
	expr : expr . COMPGEQ expr  (9)
	expr : expr . COMPNEQ expr  (10)
	expr : expr . RSHIFT expr  (11)
	expr : expr . LSHIFT expr  (12)
	expr : expr . BITAND expr  (13)
	expr : expr . BITOR expr  (14)
	expr : expr . XOR expr  (15)
	expr : expr . ASSIGN expr  (16)
	expr : expr . ADDEQUAL expr  (17)
	expr : expr . MINUSEQUAL expr  (18)
	expr : expr . TIMESEQUAL expr  (19)
	expr : expr . DIVEQUAL expr  (20)
	expr : expr . NOT  (24)
	expr : expr . OCTOTHORPE  (25)
	expr : expr . CONCAT expr  (36)
	expr : expr . LENGTH  (37)
	expr : expr . PROBCOLON expr  (38)
	stmt : expr . SEMICOLON  (57)

	ASSIGN  shift 54
	SEMICOLON  shift 155
	PROBCOLON  shift 56
	BITAND  shift 57
	BITOR  shift 58
	XOR  shift 59
	CONCAT  shift 60
	PLUS  shift 61
	MINUS  shift 62
	TIMES  shift 63
	DIVIDE  shift 64
	RSHIFT  shift 65
	LSHIFT  shift 66
	ADDEQUAL  shift 67
	MINUSEQUAL  shift 68
	TIMESEQUAL  shift 69
	DIVEQUAL  shift 70
	NOT  shift 71
	LENGTH  shift 72
	OCTOTHORPE  shift 73
	COMPEQ  shift 74
	COMPLT  shift 75
	COMPLEQ  shift 76
	COMPGT  shift 77
	COMPGEQ  shift 78
	COMPNEQ  shift 79
	.  error


state 146
	stmt_list : stmt_list stmt .  (71)

	.  reduce 71


state 147
	stmt : if_stmt .  (61)
	stmt : if_stmt . ELSE block  (62)
	stmt : if_stmt . elif elif_list  (63)
	stmt : if_stmt . elif elif_list ELSE block  (64)

	ELIF  shift 156
	ELSE  shift 157
	IF  reduce 61
	LBRACKET  reduce 61
	RBRACE  reduce 61
	LPAREN  reduce 61
	BITNOT  reduce 61
	WHILE  reduce 61
	FOR  reduce 61
	NOT  reduce 61
	RETURN  reduce 61
	BREAK  reduce 61
	CONTINUE  reduce 61
	BOOL_LIT  reduce 61
	INT_LIT  reduce 61
	CHAR_LIT  reduce 61
	FLOAT_LIT  reduce 61
	STRING_LIT  reduce 61
	ID  reduce 61

	elif  goto 158


state 148
	if_stmt : IF LPAREN . expr RPAREN block  (67)

	LBRACKET  shift 27
	LPAREN  shift 28
	BITNOT  shift 29
	NOT  shift 30
	BOOL_LIT  shift 31
	INT_LIT  shift 32
	CHAR_LIT  shift 33
	FLOAT_LIT  shift 34
	STRING_LIT  shift 35
	ID  shift 36
	.  error

	expr  goto 159
	id  goto 38
	list_elt  goto 39


state 149
	stmt : WHILE LPAREN . expr RPAREN block  (66)

	LBRACKET  shift 27
	LPAREN  shift 28
	BITNOT  shift 29
	NOT  shift 30
	BOOL_LIT  shift 31
	INT_LIT  shift 32
	CHAR_LIT  shift 33
	FLOAT_LIT  shift 34
	STRING_LIT  shift 35
	ID  shift 36
	.  error

	expr  goto 160
	id  goto 38
	list_elt  goto 39


state 150
	stmt : FOR LPAREN . expr_opt SEMICOLON expr_opt SEMICOLON expr_opt SEMICOLON RPAREN block  (65)
	expr_opt : .  (47)

	LBRACKET  shift 27
	LPAREN  shift 28
	BITNOT  shift 29
	NOT  shift 30
	BOOL_LIT  shift 31
	INT_LIT  shift 32
	CHAR_LIT  shift 33
	FLOAT_LIT  shift 34
	STRING_LIT  shift 35
	ID  shift 36
	SEMICOLON  reduce 47

	expr  goto 151
	id  goto 38
	list_elt  goto 39
	expr_opt  goto 161


state 151
	expr : expr . PLUS expr  (1)
	expr : expr . MINUS expr  (2)
	expr : expr . TIMES expr  (3)
	expr : expr . DIVIDE expr  (4)
	expr : expr . COMPEQ expr  (5)
	expr : expr . COMPLT expr  (6)
	expr : expr . COMPLEQ expr  (7)
	expr : expr . COMPGT expr  (8)
	expr : expr . COMPGEQ expr  (9)
	expr : expr . COMPNEQ expr  (10)
	expr : expr . RSHIFT expr  (11)
	expr : expr . LSHIFT expr  (12)
	expr : expr . BITAND expr  (13)
	expr : expr . BITOR expr  (14)
	expr : expr . XOR expr  (15)
	expr : expr . ASSIGN expr  (16)
	expr : expr . ADDEQUAL expr  (17)
	expr : expr . MINUSEQUAL expr  (18)
	expr : expr . TIMESEQUAL expr  (19)
	expr : expr . DIVEQUAL expr  (20)
	expr : expr . NOT  (24)
	expr : expr . OCTOTHORPE  (25)
	expr : expr . CONCAT expr  (36)
	expr : expr . LENGTH  (37)
	expr : expr . PROBCOLON expr  (38)
	expr_opt : expr .  (48)

	ASSIGN  shift 54
	PROBCOLON  shift 56
	BITAND  shift 57
	BITOR  shift 58
	XOR  shift 59
	CONCAT  shift 60
	PLUS  shift 61
	MINUS  shift 62
	TIMES  shift 63
	DIVIDE  shift 64
	RSHIFT  shift 65
	LSHIFT  shift 66
	ADDEQUAL  shift 67
	MINUSEQUAL  shift 68
	TIMESEQUAL  shift 69
	DIVEQUAL  shift 70
	NOT  shift 71
	LENGTH  shift 72
	OCTOTHORPE  shift 73
	COMPEQ  shift 74
	COMPLT  shift 75
	COMPLEQ  shift 76
	COMPGT  shift 77
	COMPGEQ  shift 78
	COMPNEQ  shift 79
	SEMICOLON  reduce 48


state 152
	stmt : RETURN expr_opt . SEMICOLON  (60)

	SEMICOLON  shift 162
	.  error


state 153
	stmt : BREAK SEMICOLON .  (58)

	.  reduce 58


state 154
	stmt : CONTINUE SEMICOLON .  (59)

	.  reduce 59


state 155
	stmt : expr SEMICOLON .  (57)

	.  reduce 57


state 156
	elif : ELIF . LPAREN expr RPAREN block  (68)

	LPAREN  shift 163
	.  error


state 157
	stmt : if_stmt ELSE . block  (62)

	LBRACE  shift 164
	.  error

	block  goto 165


state 158
	stmt : if_stmt elif . elif_list  (63)
	stmt : if_stmt elif . elif_list ELSE block  (64)
	elif_list : .  (72)

	ELIF  shift 156
	IF  reduce 72
	ELSE  reduce 72
	LBRACKET  reduce 72
	RBRACE  reduce 72
	LPAREN  reduce 72
	BITNOT  reduce 72
	WHILE  reduce 72
	FOR  reduce 72
	NOT  reduce 72
	RETURN  reduce 72
	BREAK  reduce 72
	CONTINUE  reduce 72
	BOOL_LIT  reduce 72
	INT_LIT  reduce 72
	CHAR_LIT  reduce 72
	FLOAT_LIT  reduce 72
	STRING_LIT  reduce 72
	ID  reduce 72

	elif  goto 166
	elif_list  goto 167


state 159
	expr : expr . PLUS expr  (1)
	expr : expr . MINUS expr  (2)
	expr : expr . TIMES expr  (3)
	expr : expr . DIVIDE expr  (4)
	expr : expr . COMPEQ expr  (5)
	expr : expr . COMPLT expr  (6)
	expr : expr . COMPLEQ expr  (7)
	expr : expr . COMPGT expr  (8)
	expr : expr . COMPGEQ expr  (9)
	expr : expr . COMPNEQ expr  (10)
	expr : expr . RSHIFT expr  (11)
	expr : expr . LSHIFT expr  (12)
	expr : expr . BITAND expr  (13)
	expr : expr . BITOR expr  (14)
	expr : expr . XOR expr  (15)
	expr : expr . ASSIGN expr  (16)
	expr : expr . ADDEQUAL expr  (17)
	expr : expr . MINUSEQUAL expr  (18)
	expr : expr . TIMESEQUAL expr  (19)
	expr : expr . DIVEQUAL expr  (20)
	expr : expr . NOT  (24)
	expr : expr . OCTOTHORPE  (25)
	expr : expr . CONCAT expr  (36)
	expr : expr . LENGTH  (37)
	expr : expr . PROBCOLON expr  (38)
	if_stmt : IF LPAREN expr . RPAREN block  (67)

	ASSIGN  shift 54
	PROBCOLON  shift 56
	RPAREN  shift 168
	BITAND  shift 57
	BITOR  shift 58
	XOR  shift 59
	CONCAT  shift 60
	PLUS  shift 61
	MINUS  shift 62
	TIMES  shift 63
	DIVIDE  shift 64
	RSHIFT  shift 65
	LSHIFT  shift 66
	ADDEQUAL  shift 67
	MINUSEQUAL  shift 68
	TIMESEQUAL  shift 69
	DIVEQUAL  shift 70
	NOT  shift 71
	LENGTH  shift 72
	OCTOTHORPE  shift 73
	COMPEQ  shift 74
	COMPLT  shift 75
	COMPLEQ  shift 76
	COMPGT  shift 77
	COMPGEQ  shift 78
	COMPNEQ  shift 79
	.  error


state 160
	expr : expr . PLUS expr  (1)
	expr : expr . MINUS expr  (2)
	expr : expr . TIMES expr  (3)
	expr : expr . DIVIDE expr  (4)
	expr : expr . COMPEQ expr  (5)
	expr : expr . COMPLT expr  (6)
	expr : expr . COMPLEQ expr  (7)
	expr : expr . COMPGT expr  (8)
	expr : expr . COMPGEQ expr  (9)
	expr : expr . COMPNEQ expr  (10)
	expr : expr . RSHIFT expr  (11)
	expr : expr . LSHIFT expr  (12)
	expr : expr . BITAND expr  (13)
	expr : expr . BITOR expr  (14)
	expr : expr . XOR expr  (15)
	expr : expr . ASSIGN expr  (16)
	expr : expr . ADDEQUAL expr  (17)
	expr : expr . MINUSEQUAL expr  (18)
	expr : expr . TIMESEQUAL expr  (19)
	expr : expr . DIVEQUAL expr  (20)
	expr : expr . NOT  (24)
	expr : expr . OCTOTHORPE  (25)
	expr : expr . CONCAT expr  (36)
	expr : expr . LENGTH  (37)
	expr : expr . PROBCOLON expr  (38)
	stmt : WHILE LPAREN expr . RPAREN block  (66)

	ASSIGN  shift 54
	PROBCOLON  shift 56
	RPAREN  shift 169
	BITAND  shift 57
	BITOR  shift 58
	XOR  shift 59
	CONCAT  shift 60
	PLUS  shift 61
	MINUS  shift 62
	TIMES  shift 63
	DIVIDE  shift 64
	RSHIFT  shift 65
	LSHIFT  shift 66
	ADDEQUAL  shift 67
	MINUSEQUAL  shift 68
	TIMESEQUAL  shift 69
	DIVEQUAL  shift 70
	NOT  shift 71
	LENGTH  shift 72
	OCTOTHORPE  shift 73
	COMPEQ  shift 74
	COMPLT  shift 75
	COMPLEQ  shift 76
	COMPGT  shift 77
	COMPGEQ  shift 78
	COMPNEQ  shift 79
	.  error


state 161
	stmt : FOR LPAREN expr_opt . SEMICOLON expr_opt SEMICOLON expr_opt SEMICOLON RPAREN block  (65)

	SEMICOLON  shift 170
	.  error


state 162
	stmt : RETURN expr_opt SEMICOLON .  (60)

	.  reduce 60


state 163
	elif : ELIF LPAREN . expr RPAREN block  (68)

	LBRACKET  shift 27
	LPAREN  shift 28
	BITNOT  shift 29
	NOT  shift 30
	BOOL_LIT  shift 31
	INT_LIT  shift 32
	CHAR_LIT  shift 33
	FLOAT_LIT  shift 34
	STRING_LIT  shift 35
	ID  shift 36
	.  error

	expr  goto 171
	id  goto 38
	list_elt  goto 39


state 164
	block : LBRACE . stmt_list RBRACE  (69)
	stmt_list : .  (70)

	.  reduce 70

	stmt_list  goto 172


state 165
	stmt : if_stmt ELSE block .  (62)

	.  reduce 62


state 166
	elif_list : elif . elif_list  (73)
	elif_list : .  (72)

	ELIF  shift 156
	IF  reduce 72
	ELSE  reduce 72
	LBRACKET  reduce 72
	RBRACE  reduce 72
	LPAREN  reduce 72
	BITNOT  reduce 72
	WHILE  reduce 72
	FOR  reduce 72
	NOT  reduce 72
	RETURN  reduce 72
	BREAK  reduce 72
	CONTINUE  reduce 72
	BOOL_LIT  reduce 72
	INT_LIT  reduce 72
	CHAR_LIT  reduce 72
	FLOAT_LIT  reduce 72
	STRING_LIT  reduce 72
	ID  reduce 72

	elif  goto 166
	elif_list  goto 173


state 167
	stmt : if_stmt elif elif_list .  (63)
	stmt : if_stmt elif elif_list . ELSE block  (64)

	ELSE  shift 174
	IF  reduce 63
	LBRACKET  reduce 63
	RBRACE  reduce 63
	LPAREN  reduce 63
	BITNOT  reduce 63
	WHILE  reduce 63
	FOR  reduce 63
	NOT  reduce 63
	RETURN  reduce 63
	BREAK  reduce 63
	CONTINUE  reduce 63
	BOOL_LIT  reduce 63
	INT_LIT  reduce 63
	CHAR_LIT  reduce 63
	FLOAT_LIT  reduce 63
	STRING_LIT  reduce 63
	ID  reduce 63


state 168
	if_stmt : IF LPAREN expr RPAREN . block  (67)

	LBRACE  shift 164
	.  error

	block  goto 175


state 169
	stmt : WHILE LPAREN expr RPAREN . block  (66)

	LBRACE  shift 164
	.  error

	block  goto 176


state 170
	stmt : FOR LPAREN expr_opt SEMICOLON . expr_opt SEMICOLON expr_opt SEMICOLON RPAREN block  (65)
	expr_opt : .  (47)

	LBRACKET  shift 27
	LPAREN  shift 28
	BITNOT  shift 29
	NOT  shift 30
	BOOL_LIT  shift 31
	INT_LIT  shift 32
	CHAR_LIT  shift 33
	FLOAT_LIT  shift 34
	STRING_LIT  shift 35
	ID  shift 36
	SEMICOLON  reduce 47

	expr  goto 151
	id  goto 38
	list_elt  goto 39
	expr_opt  goto 177


state 171
	expr : expr . PLUS expr  (1)
	expr : expr . MINUS expr  (2)
	expr : expr . TIMES expr  (3)
	expr : expr . DIVIDE expr  (4)
	expr : expr . COMPEQ expr  (5)
	expr : expr . COMPLT expr  (6)
	expr : expr . COMPLEQ expr  (7)
	expr : expr . COMPGT expr  (8)
	expr : expr . COMPGEQ expr  (9)
	expr : expr . COMPNEQ expr  (10)
	expr : expr . RSHIFT expr  (11)
	expr : expr . LSHIFT expr  (12)
	expr : expr . BITAND expr  (13)
	expr : expr . BITOR expr  (14)
	expr : expr . XOR expr  (15)
	expr : expr . ASSIGN expr  (16)
	expr : expr . ADDEQUAL expr  (17)
	expr : expr . MINUSEQUAL expr  (18)
	expr : expr . TIMESEQUAL expr  (19)
	expr : expr . DIVEQUAL expr  (20)
	expr : expr . NOT  (24)
	expr : expr . OCTOTHORPE  (25)
	expr : expr . CONCAT expr  (36)
	expr : expr . LENGTH  (37)
	expr : expr . PROBCOLON expr  (38)
	elif : ELIF LPAREN expr . RPAREN block  (68)

	ASSIGN  shift 54
	PROBCOLON  shift 56
	RPAREN  shift 178
	BITAND  shift 57
	BITOR  shift 58
	XOR  shift 59
	CONCAT  shift 60
	PLUS  shift 61
	MINUS  shift 62
	TIMES  shift 63
	DIVIDE  shift 64
	RSHIFT  shift 65
	LSHIFT  shift 66
	ADDEQUAL  shift 67
	MINUSEQUAL  shift 68
	TIMESEQUAL  shift 69
	DIVEQUAL  shift 70
	NOT  shift 71
	LENGTH  shift 72
	OCTOTHORPE  shift 73
	COMPEQ  shift 74
	COMPLT  shift 75
	COMPLEQ  shift 76
	COMPGT  shift 77
	COMPGEQ  shift 78
	COMPNEQ  shift 79
	.  error


state 172
	block : LBRACE stmt_list . RBRACE  (69)
	stmt_list : stmt_list . stmt  (71)

	IF  shift 138
	LBRACKET  shift 27
	RBRACE  shift 179
	LPAREN  shift 28
	BITNOT  shift 29
	WHILE  shift 140
	FOR  shift 141
	NOT  shift 30
	RETURN  shift 142
	BREAK  shift 143
	CONTINUE  shift 144
	BOOL_LIT  shift 31
	INT_LIT  shift 32
	CHAR_LIT  shift 33
	FLOAT_LIT  shift 34
	STRING_LIT  shift 35
	ID  shift 36
	.  error

	expr  goto 145
	id  goto 38
	list_elt  goto 39
	stmt  goto 146
	if_stmt  goto 147


state 173
	elif_list : elif elif_list .  (73)

	.  reduce 73


state 174
	stmt : if_stmt elif elif_list ELSE . block  (64)

	LBRACE  shift 164
	.  error

	block  goto 180


state 175
	if_stmt : IF LPAREN expr RPAREN block .  (67)

	.  reduce 67


state 176
	stmt : WHILE LPAREN expr RPAREN block .  (66)

	.  reduce 66


state 177
	stmt : FOR LPAREN expr_opt SEMICOLON expr_opt . SEMICOLON expr_opt SEMICOLON RPAREN block  (65)

	SEMICOLON  shift 181
	.  error


state 178
	elif : ELIF LPAREN expr RPAREN . block  (68)

	LBRACE  shift 164
	.  error

	block  goto 182


state 179
	block : LBRACE stmt_list RBRACE .  (69)

	.  reduce 69


state 180
	stmt : if_stmt elif elif_list ELSE block .  (64)

	.  reduce 64


state 181
	stmt : FOR LPAREN expr_opt SEMICOLON expr_opt SEMICOLON . expr_opt SEMICOLON RPAREN block  (65)
	expr_opt : .  (47)

	LBRACKET  shift 27
	LPAREN  shift 28
	BITNOT  shift 29
	NOT  shift 30
	BOOL_LIT  shift 31
	INT_LIT  shift 32
	CHAR_LIT  shift 33
	FLOAT_LIT  shift 34
	STRING_LIT  shift 35
	ID  shift 36
	SEMICOLON  reduce 47

	expr  goto 151
	id  goto 38
	list_elt  goto 39
	expr_opt  goto 183


state 182
	elif : ELIF LPAREN expr RPAREN block .  (68)

	.  reduce 68


state 183
	stmt : FOR LPAREN expr_opt SEMICOLON expr_opt SEMICOLON expr_opt . SEMICOLON RPAREN block  (65)

	SEMICOLON  shift 184
	.  error


state 184
	stmt : FOR LPAREN expr_opt SEMICOLON expr_opt SEMICOLON expr_opt SEMICOLON . RPAREN block  (65)

	RPAREN  shift 185
	.  error


state 185
	stmt : FOR LPAREN expr_opt SEMICOLON expr_opt SEMICOLON expr_opt SEMICOLON RPAREN . block  (65)

	LBRACE  shift 164
	.  error

	block  goto 186


state 186
	stmt : FOR LPAREN expr_opt SEMICOLON expr_opt SEMICOLON expr_opt SEMICOLON RPAREN block .  (65)

	.  reduce 65


72 terminals, 30 nonterminals
101 grammar rules, 187 states
