12 the
12 and
11 to
10 should
7 baz
6 expr
6 bar
5 if
4 zip
4 for
4 foo
4 be
4 assignment
4 a
3 your
3 you
3 variable
3 right
3 of
3 mll
3 ml
3 left
3 expression
3 evaluate
3 Edit
2 wordcount
2 with
2 use
2 then
2 sequencing
2 problems
2 org
2 or
2 on
2 ocaml
2 may
2 it
2 interpreted
2 function
2 from
2 example
2 else
2 e
2 details
2 denote
2 create
2 calculator
2 at
2 You
2 The
2 StringHash
2 String
2 See
2 Makefile
2 Make
1 zero
1 word
1 without
1 were
1 websites
1 warnings
1 variables
1 values
1 value
1 vals
1 upload
1 track
1 three
1 those
1 this
1 these
1 table
1 t
1 sure
1 students
1 solutions
1 so
1 sequences
1 scanner
1 running
1 return
1 recipes
1 questions
1 produce
1 print
1 precedence
1 parser
1 parenthesized
1 parentheses
1 otherwise
1 other
1 one
1 not
1 non
1 names
1 name
1 more
1 module
1 mly
1 mli
1 make
1 lowest
1 lowercase
1 level
1 letters
1 let
1 integer
1 instructor
1 i
1 hw
1 help
1 hash
1 has
1 g
1 four
1 followed
1 file
1 expressions
1 download
1 counter
1 containing
1 consult
1 conditionals
1 complete
1 compiling
1 compiles
1 compiler
1 code
1 class
1 calc
1 by
1 but
1 being
1 ast
1 associate
1 assigned
1 ask
1 aside
1 as
1 any
1 answer
1 alone
1 all
1 add
1 accept
1 Variable
1 Use
1 Translators
1 TA
1 Stephen
1 Programming
1 Prof
1 PM
1 October
1 OCaml
1 Languages
1 Homework
1 Hashtbl
1 For
1 Edwards
1 Due
1 Don
1 Do
1 Create
1 Courseworks
1 Cite
1 COMS
1 An
1 All
1 A
